[2022-07-15 18:28:26.184] [jointLog] [info] setting maxHashResizeThreads to 8
[2022-07-15 18:28:26.184] [jointLog] [info] Fragment incompatibility prior below threshold.  Incompatible fragments will be ignored.
[2022-07-15 18:28:26.185] [jointLog] [info] Usage of --validateMappings implies use of minScoreFraction. Since not explicitly specified, it is being set to 0.65
[2022-07-15 18:28:26.185] [jointLog] [info] Setting consensusSlack to selective-alignment default of 0.35.
[2022-07-15 18:28:26.185] [jointLog] [info] parsing read library format
[2022-07-15 18:28:26.185] [jointLog] [info] There is 1 library.
[2022-07-15 18:28:26.186] [jointLog] [info] Loading pufferfish index
[2022-07-15 18:28:26.186] [jointLog] [info] Loading dense pufferfish index.
[2022-07-15 18:28:27.071] [jointLog] [info] done
[2022-07-15 18:28:27.152] [jointLog] [info] Index contained 117,135 targets
[2022-07-15 18:28:28.852] [jointLog] [info] Number of decoys : 0
[2022-07-15 18:28:29.349] [jointLog] [info] Automatically detected most likely library type as IU

[2022-07-15 18:29:55.959] [jointLog] [info] Computed 323,180 rich equivalence classes for further processing
[2022-07-15 18:29:55.959] [jointLog] [info] Counted 22,207,934 total reads in the equivalence classes 
[2022-07-15 18:29:55.965] [jointLog] [info] Number of mappings discarded because of alignment score : 7,466,161
[2022-07-15 18:29:55.965] [jointLog] [info] Number of fragments entirely discarded because of alignment score : 672,042
[2022-07-15 18:29:55.965] [jointLog] [info] Number of fragments discarded because they are best-mapped to decoys : 0
[2022-07-15 18:29:55.965] [jointLog] [info] Number of fragments discarded because they have only dovetail (discordant) mappings to valid targets : 594,510
[2022-07-15 18:29:55.965] [jointLog] [info] Mapping rate = 92.9711%

[2022-07-15 18:29:55.965] [jointLog] [info] finished quantifyLibrary()
[2022-07-15 18:29:55.982] [jointLog] [info] Starting optimizer
[2022-07-15 18:29:56.079] [jointLog] [info] Marked 0 weighted equivalence classes as degenerate
[2022-07-15 18:29:56.093] [jointLog] [info] iteration = 0 | max rel diff. = 10509.6
[2022-07-15 18:29:56.202] [jointLog] [info] iteration 11, adjusting effective lengths to account for biases
[2022-07-15 18:29:55.959] [fileLog] [info] 
At end of round 0
==================
Observed 23886926 total fragments (23886926 in most recent round)

[2022-07-15 18:30:18.318] [jointLog] [info] Computed expected counts (for bias correction)
[2022-07-15 18:30:18.319] [jointLog] [info] processed bias for 0.0% of the transcripts
[2022-07-15 18:30:18.990] [jointLog] [info] processed bias for 10.0% of the transcripts
[2022-07-15 18:30:20.309] [jointLog] [info] processed bias for 20.0% of the transcripts
[2022-07-15 18:30:22.686] [jointLog] [info] processed bias for 30.0% of the transcripts
[2022-07-15 18:30:25.046] [jointLog] [info] processed bias for 40.0% of the transcripts
[2022-07-15 18:30:27.500] [jointLog] [info] processed bias for 50.0% of the transcripts
[2022-07-15 18:30:29.894] [jointLog] [info] processed bias for 60.0% of the transcripts
[2022-07-15 18:30:32.243] [jointLog] [info] processed bias for 70.0% of the transcripts
[2022-07-15 18:30:34.659] [jointLog] [info] processed bias for 80.0% of the transcripts
[2022-07-15 18:30:37.077] [jointLog] [info] processed bias for 90.0% of the transcripts
[2022-07-15 18:30:39.463] [jointLog] [info] processed bias for 100.0% of the transcripts
[2022-07-15 18:30:39.467] [jointLog] [info] processed bias for 100.0% of the transcripts
[2022-07-15 18:30:40.338] [jointLog] [info] iteration = 100 | max rel diff. = 20.2903
[2022-07-15 18:30:41.299] [jointLog] [info] iteration = 200 | max rel diff. = 1.5699
[2022-07-15 18:30:42.259] [jointLog] [info] iteration = 300 | max rel diff. = 0.929424
[2022-07-15 18:30:43.221] [jointLog] [info] iteration = 400 | max rel diff. = 0.457973
[2022-07-15 18:30:44.180] [jointLog] [info] iteration = 500 | max rel diff. = 0.483218
[2022-07-15 18:30:45.139] [jointLog] [info] iteration = 600 | max rel diff. = 0.823618
[2022-07-15 18:30:46.099] [jointLog] [info] iteration = 700 | max rel diff. = 0.207956
[2022-07-15 18:30:47.060] [jointLog] [info] iteration = 800 | max rel diff. = 2.92794
[2022-07-15 18:30:48.019] [jointLog] [info] iteration = 900 | max rel diff. = 0.111566
[2022-07-15 18:30:48.980] [jointLog] [info] iteration = 1,000 | max rel diff. = 0.131135
[2022-07-15 18:30:49.940] [jointLog] [info] iteration = 1,100 | max rel diff. = 0.0269674
[2022-07-15 18:30:50.898] [jointLog] [info] iteration = 1,200 | max rel diff. = 0.0211257
[2022-07-15 18:30:51.857] [jointLog] [info] iteration = 1,300 | max rel diff. = 0.321072
[2022-07-15 18:30:52.818] [jointLog] [info] iteration = 1,400 | max rel diff. = 0.353492
[2022-07-15 18:30:53.779] [jointLog] [info] iteration = 1,500 | max rel diff. = 0.0641883
[2022-07-15 18:30:54.739] [jointLog] [info] iteration = 1,600 | max rel diff. = 0.0129878
[2022-07-15 18:30:55.582] [jointLog] [info] iteration = 1,689 | max rel diff. = 0.00639294
[2022-07-15 18:30:55.600] [jointLog] [info] Finished optimizer
[2022-07-15 18:30:55.600] [jointLog] [info] writing output 

