[2021-11-05 23:23:04.837] [jointLog] [info] Fragment incompatibility prior below threshold.  Incompatible fragments will be ignored.
[2021-11-05 23:23:04.837] [jointLog] [info] parsing read library format
[2021-11-05 23:23:04.837] [jointLog] [info] There is 1 library.
[2021-11-05 23:23:05.049] [jointLog] [info] Loading Quasi index
[2021-11-05 23:23:05.049] [jointLog] [info] Loading 32-bit quasi index
[2021-11-05 23:23:15.978] [jointLog] [info] done
[2021-11-05 23:23:15.978] [jointLog] [info] Index contained 105833 targets
[2021-11-05 23:23:18.134] [jointLog] [info] Automatically detected most likely library type as IU
[2021-11-05 23:35:02.311] [jointLog] [info] Thread saw mini-batch with a maximum of 0.44% zero probability fragments
[2021-11-05 23:35:02.311] [jointLog] [info] Thread saw mini-batch with a maximum of 0.50% zero probability fragments
[2021-11-05 23:35:02.311] [jointLog] [info] Thread saw mini-batch with a maximum of 0.48% zero probability fragments
[2021-11-05 23:35:02.311] [jointLog] [info] Thread saw mini-batch with a maximum of 0.48% zero probability fragments
[2021-11-05 23:35:02.417] [jointLog] [info] Thread saw mini-batch with a maximum of 0.46% zero probability fragments
[2021-11-05 23:35:02.452] [jointLog] [info] Thread saw mini-batch with a maximum of 0.48% zero probability fragments
[2021-11-05 23:35:02.518] [jointLog] [info] Thread saw mini-batch with a maximum of 0.44% zero probability fragments
[2021-11-05 23:35:02.524] [jointLog] [info] Thread saw mini-batch with a maximum of 0.48% zero probability fragments
[2021-11-05 23:35:02.846] [jointLog] [info] Computed 156356 rich equivalence classes for further processing
[2021-11-05 23:35:02.846] [jointLog] [info] Counted 22393262 total reads in the equivalence classes 
[2021-11-05 23:35:02.856] [jointLog] [info] Mapping rate = 93.9147%

[2021-11-05 23:35:02.856] [jointLog] [info] finished quantifyLibrary()
[2021-11-05 23:35:02.847] [fileLog] [info] 
At end of round 0
==================
Observed 23844264 total fragments (23844264 in most recent round)

[2021-11-05 23:35:03.165] [jointLog] [info] Starting optimizer
[2021-11-05 23:35:07.713] [jointLog] [info] Marked 0 weighted equivalence classes as degenerate
[2021-11-05 23:35:07.764] [jointLog] [info] iteration = 0 | max rel diff. = 102.54
[2021-11-05 23:35:12.064] [jointLog] [info] iteration = 100 | max rel diff. = 0.103923
[2021-11-05 23:35:16.290] [jointLog] [info] iteration = 200 | max rel diff. = 0.0618872
[2021-11-05 23:35:20.730] [jointLog] [info] iteration = 300 | max rel diff. = 0.0356942
[2021-11-05 23:35:25.231] [jointLog] [info] iteration = 400 | max rel diff. = 0.0244789
[2021-11-05 23:35:29.827] [jointLog] [info] iteration = 500 | max rel diff. = 0.021013
[2021-11-05 23:35:34.383] [jointLog] [info] iteration = 600 | max rel diff. = 0.018459
[2021-11-05 23:35:39.058] [jointLog] [info] iteration = 700 | max rel diff. = 0.0150891
[2021-11-05 23:35:43.723] [jointLog] [info] iteration = 800 | max rel diff. = 0.0132026
[2021-11-05 23:35:48.236] [jointLog] [info] iteration = 900 | max rel diff. = 0.0115788
[2021-11-05 23:35:52.883] [jointLog] [info] iteration = 1000 | max rel diff. = 0.0102971
[2021-11-05 23:35:54.263] [jointLog] [info] iteration = 1031 | max rel diff. = 0.00998203
[2021-11-05 23:35:54.292] [jointLog] [info] Finished optimizer
[2021-11-05 23:35:54.292] [jointLog] [info] writing output 

