[2021-11-05 20:32:40.263] [jointLog] [info] Fragment incompatibility prior below threshold.  Incompatible fragments will be ignored.
[2021-11-05 20:32:40.263] [jointLog] [info] parsing read library format
[2021-11-05 20:32:40.263] [jointLog] [info] There is 1 library.
[2021-11-05 20:32:40.471] [jointLog] [info] Loading Quasi index
[2021-11-05 20:32:40.472] [jointLog] [info] Loading 32-bit quasi index
[2021-11-05 20:32:52.341] [jointLog] [info] done
[2021-11-05 20:32:52.341] [jointLog] [info] Index contained 105833 targets
[2021-11-05 20:32:54.848] [jointLog] [info] Automatically detected most likely library type as IU
[2021-11-05 20:47:25.447] [jointLog] [info] Thread saw mini-batch with a maximum of 0.50% zero probability fragments
[2021-11-05 20:47:25.447] [jointLog] [info] Thread saw mini-batch with a maximum of 0.54% zero probability fragments
[2021-11-05 20:47:25.447] [jointLog] [info] Thread saw mini-batch with a maximum of 0.46% zero probability fragments
[2021-11-05 20:47:25.563] [jointLog] [info] Thread saw mini-batch with a maximum of 0.46% zero probability fragments
[2021-11-05 20:47:25.601] [jointLog] [info] Thread saw mini-batch with a maximum of 0.48% zero probability fragments
[2021-11-05 20:47:25.642] [jointLog] [info] Thread saw mini-batch with a maximum of 0.50% zero probability fragments
[2021-11-05 20:47:25.688] [jointLog] [info] Thread saw mini-batch with a maximum of 0.54% zero probability fragments
[2021-11-05 20:47:25.715] [jointLog] [info] Thread saw mini-batch with a maximum of 0.54% zero probability fragments
[2021-11-05 20:47:26.069] [fileLog] [info] 
At end of round 0
==================
Observed 23886926 total fragments (23886926 in most recent round)

[2021-11-05 20:47:26.068] [jointLog] [info] Computed 160092 rich equivalence classes for further processing
[2021-11-05 20:47:26.068] [jointLog] [info] Counted 22390365 total reads in the equivalence classes 
[2021-11-05 20:47:26.078] [jointLog] [info] Mapping rate = 93.7348%

[2021-11-05 20:47:26.078] [jointLog] [info] finished quantifyLibrary()
[2021-11-05 20:47:26.357] [jointLog] [info] Starting optimizer
[2021-11-05 20:47:26.522] [jointLog] [info] Marked 0 weighted equivalence classes as degenerate
[2021-11-05 20:47:26.585] [jointLog] [info] iteration = 0 | max rel diff. = 111.564
[2021-11-05 20:47:31.329] [jointLog] [info] iteration = 100 | max rel diff. = 0.127704
[2021-11-05 20:47:36.145] [jointLog] [info] iteration = 200 | max rel diff. = 0.0613933
[2021-11-05 20:47:40.934] [jointLog] [info] iteration = 300 | max rel diff. = 0.0466419
[2021-11-05 20:47:45.722] [jointLog] [info] iteration = 400 | max rel diff. = 0.0277016
[2021-11-05 20:47:50.346] [jointLog] [info] iteration = 500 | max rel diff. = 0.0212647
[2021-11-05 20:47:55.145] [jointLog] [info] iteration = 600 | max rel diff. = 0.0207419
[2021-11-05 20:48:00.035] [jointLog] [info] iteration = 700 | max rel diff. = 0.0191366
[2021-11-05 20:48:05.003] [jointLog] [info] iteration = 800 | max rel diff. = 0.0135853
[2021-11-05 20:48:09.846] [jointLog] [info] iteration = 900 | max rel diff. = 0.0123311
[2021-11-05 20:48:14.636] [jointLog] [info] iteration = 1000 | max rel diff. = 0.0105229
[2021-11-05 20:48:19.510] [jointLog] [info] iteration = 1100 | max rel diff. = 0.0100261
[2021-11-05 20:48:19.732] [jointLog] [info] iteration = 1106 | max rel diff. = 0.00986178
[2021-11-05 20:48:19.780] [jointLog] [info] Finished optimizer
[2021-11-05 20:48:19.780] [jointLog] [info] writing output 

