[2022-07-15 19:09:05.785] [jointLog] [info] setting maxHashResizeThreads to 8
[2022-07-15 19:09:05.785] [jointLog] [info] Fragment incompatibility prior below threshold.  Incompatible fragments will be ignored.
[2022-07-15 19:09:05.785] [jointLog] [info] Usage of --validateMappings implies use of minScoreFraction. Since not explicitly specified, it is being set to 0.65
[2022-07-15 19:09:05.785] [jointLog] [info] Setting consensusSlack to selective-alignment default of 0.35.
[2022-07-15 19:09:05.785] [jointLog] [info] parsing read library format
[2022-07-15 19:09:05.785] [jointLog] [info] There is 1 library.
[2022-07-15 19:09:05.788] [jointLog] [info] Loading pufferfish index
[2022-07-15 19:09:05.789] [jointLog] [info] Loading dense pufferfish index.
[2022-07-15 19:09:06.676] [jointLog] [info] done
[2022-07-15 19:09:06.759] [jointLog] [info] Index contained 117,135 targets
[2022-07-15 19:09:09.501] [jointLog] [info] Number of decoys : 0
[2022-07-15 19:09:09.929] [jointLog] [info] Automatically detected most likely library type as IU

[2022-07-15 19:10:29.099] [jointLog] [info] Computed 299,963 rich equivalence classes for further processing
[2022-07-15 19:10:29.099] [jointLog] [info] Counted 20,106,825 total reads in the equivalence classes 
[2022-07-15 19:10:29.106] [jointLog] [info] Number of mappings discarded because of alignment score : 7,074,433
[2022-07-15 19:10:29.106] [jointLog] [info] Number of fragments entirely discarded because of alignment score : 598,531
[2022-07-15 19:10:29.106] [jointLog] [info] Number of fragments discarded because they are best-mapped to decoys : 0
[2022-07-15 19:10:29.106] [jointLog] [info] Number of fragments discarded because they have only dovetail (discordant) mappings to valid targets : 537,166
[2022-07-15 19:10:29.106] [jointLog] [info] Mapping rate = 92.7585%

[2022-07-15 19:10:29.106] [jointLog] [info] finished quantifyLibrary()
[2022-07-15 19:10:29.129] [jointLog] [info] Starting optimizer
[2022-07-15 19:10:29.100] [fileLog] [info] 
At end of round 0
==================
Observed 21676521 total fragments (21676521 in most recent round)

[2022-07-15 19:10:32.432] [jointLog] [info] Marked 0 weighted equivalence classes as degenerate
[2022-07-15 19:10:32.444] [jointLog] [info] iteration = 0 | max rel diff. = 10221.3
[2022-07-15 19:10:32.547] [jointLog] [info] iteration 11, adjusting effective lengths to account for biases
[2022-07-15 19:10:55.087] [jointLog] [info] Computed expected counts (for bias correction)
[2022-07-15 19:10:55.088] [jointLog] [info] processed bias for 0.0% of the transcripts
[2022-07-15 19:10:56.589] [jointLog] [info] processed bias for 10.0% of the transcripts
[2022-07-15 19:10:57.573] [jointLog] [info] processed bias for 20.0% of the transcripts
[2022-07-15 19:10:59.570] [jointLog] [info] processed bias for 30.0% of the transcripts
[2022-07-15 19:11:01.959] [jointLog] [info] processed bias for 40.0% of the transcripts
[2022-07-15 19:11:04.354] [jointLog] [info] processed bias for 50.0% of the transcripts
[2022-07-15 19:11:06.777] [jointLog] [info] processed bias for 60.0% of the transcripts
[2022-07-15 19:11:09.339] [jointLog] [info] processed bias for 70.0% of the transcripts
[2022-07-15 19:11:11.725] [jointLog] [info] processed bias for 80.0% of the transcripts
[2022-07-15 19:11:14.125] [jointLog] [info] processed bias for 90.0% of the transcripts
[2022-07-15 19:11:16.567] [jointLog] [info] processed bias for 100.0% of the transcripts
[2022-07-15 19:11:17.377] [jointLog] [info] iteration = 100 | max rel diff. = 18.735
[2022-07-15 19:11:18.272] [jointLog] [info] iteration = 200 | max rel diff. = 10.3433
[2022-07-15 19:11:19.166] [jointLog] [info] iteration = 300 | max rel diff. = 7.2406
[2022-07-15 19:11:20.059] [jointLog] [info] iteration = 400 | max rel diff. = 1.22019
[2022-07-15 19:11:20.952] [jointLog] [info] iteration = 500 | max rel diff. = 1.40531
[2022-07-15 19:11:21.847] [jointLog] [info] iteration = 600 | max rel diff. = 2.34532
[2022-07-15 19:11:22.739] [jointLog] [info] iteration = 700 | max rel diff. = 0.107823
[2022-07-15 19:11:23.631] [jointLog] [info] iteration = 800 | max rel diff. = 0.12074
[2022-07-15 19:11:24.523] [jointLog] [info] iteration = 900 | max rel diff. = 0.0833571
[2022-07-15 19:11:25.416] [jointLog] [info] iteration = 1,000 | max rel diff. = 0.304135
[2022-07-15 19:11:26.307] [jointLog] [info] iteration = 1,100 | max rel diff. = 0.318827
[2022-07-15 19:11:27.199] [jointLog] [info] iteration = 1,200 | max rel diff. = 0.0510208
[2022-07-15 19:11:28.090] [jointLog] [info] iteration = 1,300 | max rel diff. = 0.199349
[2022-07-15 19:11:28.983] [jointLog] [info] iteration = 1,400 | max rel diff. = 0.159884
[2022-07-15 19:11:29.875] [jointLog] [info] iteration = 1,500 | max rel diff. = 0.525457
[2022-07-15 19:11:30.767] [jointLog] [info] iteration = 1,600 | max rel diff. = 0.0334243
[2022-07-15 19:11:31.659] [jointLog] [info] iteration = 1,700 | max rel diff. = 0.0255016
[2022-07-15 19:11:32.024] [jointLog] [info] iteration = 1,742 | max rel diff. = 0.00664677
[2022-07-15 19:11:32.040] [jointLog] [info] Finished optimizer
[2022-07-15 19:11:32.040] [jointLog] [info] writing output 

