[2022-09-28 11:29:47.026] [jointLog] [info] setting maxHashResizeThreads to 8
[2022-09-28 11:29:47.026] [jointLog] [info] Fragment incompatibility prior below threshold.  Incompatible fragments will be ignored.
[2022-09-28 11:29:47.026] [jointLog] [info] Usage of --validateMappings implies use of minScoreFraction. Since not explicitly specified, it is being set to 0.65
[2022-09-28 11:29:47.026] [jointLog] [info] Setting consensusSlack to selective-alignment default of 0.35.
[2022-09-28 11:29:47.026] [jointLog] [info] parsing read library format
[2022-09-28 11:29:47.026] [jointLog] [info] There is 1 library.
[2022-09-28 11:29:47.045] [jointLog] [info] Loading pufferfish index
[2022-09-28 11:29:47.046] [jointLog] [info] Loading dense pufferfish index.
[2022-09-28 11:30:46.152] [jointLog] [info] done
[2022-09-28 11:30:46.259] [jointLog] [info] Index contained 117,201 targets
[2022-09-28 11:30:48.777] [jointLog] [info] Number of decoys : 66
[2022-09-28 11:30:48.777] [jointLog] [info] First decoy index : 117,096 
[2022-09-28 11:30:49.768] [jointLog] [info] Automatically detected most likely library type as IU

[2022-09-28 11:34:22.124] [fileLog] [info] 
At end of round 0
==================
Observed 22195997 total fragments (22195997 in most recent round)

[2022-09-28 11:34:22.123] [jointLog] [info] Computed 261,207 rich equivalence classes for further processing
[2022-09-28 11:34:22.123] [jointLog] [info] Counted 19,941,038 total reads in the equivalence classes 
[2022-09-28 11:34:22.200] [jointLog] [info] Number of mappings discarded because of alignment score : 6,335,911
[2022-09-28 11:34:22.200] [jointLog] [info] Number of fragments entirely discarded because of alignment score : 780,962
[2022-09-28 11:34:22.200] [jointLog] [info] Number of fragments discarded because they are best-mapped to decoys : 427,980
[2022-09-28 11:34:22.200] [jointLog] [info] Number of fragments discarded because they have only dovetail (discordant) mappings to valid targets : 394,291
[2022-09-28 11:34:22.200] [jointLog] [info] Mapping rate = 89.8407%

[2022-09-28 11:34:22.200] [jointLog] [info] finished quantifyLibrary()
[2022-09-28 11:34:22.229] [jointLog] [info] Starting optimizer
[2022-09-28 11:34:22.342] [jointLog] [info] Marked 0 weighted equivalence classes as degenerate
[2022-09-28 11:34:22.367] [jointLog] [info] iteration = 0 | max rel diff. = 10224.3
[2022-09-28 11:34:22.605] [jointLog] [info] iteration 11, adjusting effective lengths to account for biases
[2022-09-28 11:35:38.858] [jointLog] [info] Computed expected counts (for bias correction)
[2022-09-28 11:35:38.858] [jointLog] [info] processed bias for 0.0% of the transcripts
[2022-09-28 11:35:44.962] [jointLog] [info] processed bias for 10.0% of the transcripts
[2022-09-28 11:35:51.588] [jointLog] [info] processed bias for 20.0% of the transcripts
[2022-09-28 11:35:58.157] [jointLog] [info] processed bias for 30.0% of the transcripts
[2022-09-28 11:36:04.389] [jointLog] [info] processed bias for 40.0% of the transcripts
[2022-09-28 11:36:10.212] [jointLog] [info] processed bias for 50.0% of the transcripts
[2022-09-28 11:36:12.186] [jointLog] [info] processed bias for 60.0% of the transcripts
[2022-09-28 11:36:16.709] [jointLog] [info] processed bias for 70.0% of the transcripts
[2022-09-28 11:36:23.348] [jointLog] [info] processed bias for 80.0% of the transcripts
[2022-09-28 11:36:30.273] [jointLog] [info] processed bias for 90.0% of the transcripts
[2022-09-28 11:36:36.516] [jointLog] [info] processed bias for 100.0% of the transcripts
[2022-09-28 11:36:38.889] [jointLog] [info] iteration = 100 | max rel diff. = 11.3991
[2022-09-28 11:36:41.533] [jointLog] [info] iteration = 200 | max rel diff. = 16.9067
[2022-09-28 11:36:43.903] [jointLog] [info] iteration = 300 | max rel diff. = 9.71425
[2022-09-28 11:36:46.518] [jointLog] [info] iteration = 400 | max rel diff. = 0.197627
[2022-09-28 11:36:49.004] [jointLog] [info] iteration = 500 | max rel diff. = 0.439791
[2022-09-28 11:36:51.570] [jointLog] [info] iteration = 600 | max rel diff. = 3.58627
[2022-09-28 11:36:54.044] [jointLog] [info] iteration = 700 | max rel diff. = 0.114341
[2022-09-28 11:36:56.722] [jointLog] [info] iteration = 800 | max rel diff. = 0.171223
[2022-09-28 11:36:59.110] [jointLog] [info] iteration = 900 | max rel diff. = 1.67485
[2022-09-28 11:37:01.765] [jointLog] [info] iteration = 1,000 | max rel diff. = 0.016717
[2022-09-28 11:37:04.420] [jointLog] [info] iteration = 1,100 | max rel diff. = 0.323868
[2022-09-28 11:37:06.824] [jointLog] [info] iteration = 1,200 | max rel diff. = 4.45678
[2022-09-28 11:37:07.189] [jointLog] [info] iteration = 1,216 | max rel diff. = 0.00520898
[2022-09-28 11:37:07.216] [jointLog] [info] Finished optimizer
[2022-09-28 11:37:07.216] [jointLog] [info] writing output 

