[2023-01-20 17:48:49.132] [jointLog] [info] setting maxHashResizeThreads to 8
[2023-01-20 17:48:49.132] [jointLog] [info] Fragment incompatibility prior below threshold.  Incompatible fragments will be ignored.
[2023-01-20 17:48:49.132] [jointLog] [info] Usage of --validateMappings implies use of minScoreFraction. Since not explicitly specified, it is being set to 0.65
[2023-01-20 17:48:49.132] [jointLog] [info] Setting consensusSlack to selective-alignment default of 0.35.
[2023-01-20 17:48:49.132] [jointLog] [info] parsing read library format
[2023-01-20 17:48:49.132] [jointLog] [info] There is 1 library.
[2023-01-20 17:48:49.135] [jointLog] [info] Loading pufferfish index
[2023-01-20 17:48:49.135] [jointLog] [info] Loading dense pufferfish index.
[2023-01-20 17:49:42.338] [jointLog] [info] done
[2023-01-20 17:49:42.480] [jointLog] [info] Index contained 117,201 targets
[2023-01-20 17:49:45.034] [jointLog] [info] Number of decoys : 66
[2023-01-20 17:49:45.034] [jointLog] [info] First decoy index : 117,096 
[2023-01-20 17:49:45.918] [jointLog] [info] Automatically detected most likely library type as IU

[2023-01-20 17:53:23.086] [jointLog] [info] Computed 255,016 rich equivalence classes for further processing
[2023-01-20 17:53:23.086] [jointLog] [info] Counted 20,532,741 total reads in the equivalence classes 
[2023-01-20 17:53:23.102] [jointLog] [info] Number of mappings discarded because of alignment score : 6,269,668
[2023-01-20 17:53:23.102] [jointLog] [info] Number of fragments entirely discarded because of alignment score : 741,746
[2023-01-20 17:53:23.102] [jointLog] [info] Number of fragments discarded because they are best-mapped to decoys : 342,519
[2023-01-20 17:53:23.102] [jointLog] [info] Number of fragments discarded because they have only dovetail (discordant) mappings to valid targets : 337,265
[2023-01-20 17:53:23.102] [jointLog] [info] Mapping rate = 90.4043%

[2023-01-20 17:53:23.102] [jointLog] [info] finished quantifyLibrary()
[2023-01-20 17:53:23.115] [jointLog] [info] Starting optimizer
[2023-01-20 17:53:23.249] [jointLog] [info] Marked 0 weighted equivalence classes as degenerate
[2023-01-20 17:53:23.274] [jointLog] [info] iteration = 0 | max rel diff. = 10113.9
[2023-01-20 17:53:23.087] [fileLog] [info] 
At end of round 0
==================
Observed 22712118 total fragments (22712118 in most recent round)

[2023-01-20 17:53:23.511] [jointLog] [info] iteration 11, adjusting effective lengths to account for biases
[2023-01-20 17:54:27.536] [jointLog] [info] Computed expected counts (for bias correction)
[2023-01-20 17:54:27.536] [jointLog] [info] processed bias for 0.0% of the transcripts
[2023-01-20 17:54:30.931] [jointLog] [info] processed bias for 10.0% of the transcripts
[2023-01-20 17:54:33.165] [jointLog] [info] processed bias for 20.0% of the transcripts
[2023-01-20 17:54:37.936] [jointLog] [info] processed bias for 30.0% of the transcripts
[2023-01-20 17:54:43.687] [jointLog] [info] processed bias for 40.0% of the transcripts
[2023-01-20 17:54:49.539] [jointLog] [info] processed bias for 50.0% of the transcripts
[2023-01-20 17:54:55.427] [jointLog] [info] processed bias for 60.0% of the transcripts
[2023-01-20 17:55:01.045] [jointLog] [info] processed bias for 70.0% of the transcripts
[2023-01-20 17:55:06.848] [jointLog] [info] processed bias for 80.0% of the transcripts
[2023-01-20 17:55:12.509] [jointLog] [info] processed bias for 90.0% of the transcripts
[2023-01-20 17:55:18.248] [jointLog] [info] processed bias for 100.0% of the transcripts
[2023-01-20 17:55:18.258] [jointLog] [info] processed bias for 100.0% of the transcripts
[2023-01-20 17:55:20.428] [jointLog] [info] iteration = 100 | max rel diff. = 17.093
[2023-01-20 17:55:22.793] [jointLog] [info] iteration = 200 | max rel diff. = 0.858871
[2023-01-20 17:55:25.139] [jointLog] [info] iteration = 300 | max rel diff. = 0.744762
[2023-01-20 17:55:27.536] [jointLog] [info] iteration = 400 | max rel diff. = 18.1704
[2023-01-20 17:55:29.886] [jointLog] [info] iteration = 500 | max rel diff. = 0.29951
[2023-01-20 17:55:32.296] [jointLog] [info] iteration = 600 | max rel diff. = 0.689195
[2023-01-20 17:55:34.700] [jointLog] [info] iteration = 700 | max rel diff. = 3.55201
[2023-01-20 17:55:37.068] [jointLog] [info] iteration = 800 | max rel diff. = 0.733776
[2023-01-20 17:55:39.462] [jointLog] [info] iteration = 900 | max rel diff. = 0.050869
[2023-01-20 17:55:41.824] [jointLog] [info] iteration = 1,000 | max rel diff. = 2.12494
[2023-01-20 17:55:44.189] [jointLog] [info] iteration = 1,100 | max rel diff. = 0.0963526
[2023-01-20 17:55:46.598] [jointLog] [info] iteration = 1,200 | max rel diff. = 0.0333458
[2023-01-20 17:55:49.048] [jointLog] [info] iteration = 1,300 | max rel diff. = 0.0403139
[2023-01-20 17:55:51.384] [jointLog] [info] iteration = 1,400 | max rel diff. = 0.12488
[2023-01-20 17:55:53.612] [jointLog] [info] iteration = 1,496 | max rel diff. = 0.00743475
[2023-01-20 17:55:53.633] [jointLog] [info] Finished optimizer
[2023-01-20 17:55:53.633] [jointLog] [info] writing output 

