[2021-11-05 22:56:40.667] [jointLog] [info] Fragment incompatibility prior below threshold.  Incompatible fragments will be ignored.
[2021-11-05 22:56:40.667] [jointLog] [info] parsing read library format
[2021-11-05 22:56:40.667] [jointLog] [info] There is 1 library.
[2021-11-05 22:56:40.915] [jointLog] [info] Loading Quasi index
[2021-11-05 22:56:40.932] [jointLog] [info] Loading 32-bit quasi index
[2021-11-05 22:56:51.870] [jointLog] [info] done
[2021-11-05 22:56:51.870] [jointLog] [info] Index contained 105833 targets
[2021-11-05 22:56:54.003] [jointLog] [info] Automatically detected most likely library type as IU
[2021-11-05 23:09:17.939] [jointLog] [info] Thread saw mini-batch with a maximum of 0.50% zero probability fragments
[2021-11-05 23:09:17.939] [jointLog] [info] Thread saw mini-batch with a maximum of 0.46% zero probability fragments
[2021-11-05 23:09:17.939] [jointLog] [info] Thread saw mini-batch with a maximum of 0.46% zero probability fragments
[2021-11-05 23:09:17.968] [jointLog] [info] Thread saw mini-batch with a maximum of 0.48% zero probability fragments
[2021-11-05 23:09:18.028] [jointLog] [info] Thread saw mini-batch with a maximum of 0.50% zero probability fragments
[2021-11-05 23:09:18.101] [jointLog] [info] Thread saw mini-batch with a maximum of 0.44% zero probability fragments
[2021-11-05 23:09:18.153] [jointLog] [info] Thread saw mini-batch with a maximum of 0.40% zero probability fragments
[2021-11-05 23:09:18.175] [jointLog] [info] Thread saw mini-batch with a maximum of 0.50% zero probability fragments
[2021-11-05 23:09:18.475] [fileLog] [info] 
At end of round 0
==================
Observed 25050780 total fragments (25050780 in most recent round)

[2021-11-05 23:09:18.474] [jointLog] [info] Computed 158824 rich equivalence classes for further processing
[2021-11-05 23:09:18.474] [jointLog] [info] Counted 23750885 total reads in the equivalence classes 
[2021-11-05 23:09:18.483] [jointLog] [info] Mapping rate = 94.811%

[2021-11-05 23:09:18.483] [jointLog] [info] finished quantifyLibrary()
[2021-11-05 23:09:18.613] [jointLog] [info] Starting optimizer
[2021-11-05 23:09:18.750] [jointLog] [info] Marked 0 weighted equivalence classes as degenerate
[2021-11-05 23:09:18.805] [jointLog] [info] iteration = 0 | max rel diff. = 98.5428
[2021-11-05 23:09:23.153] [jointLog] [info] iteration = 100 | max rel diff. = 0.121229
[2021-11-05 23:09:27.572] [jointLog] [info] iteration = 200 | max rel diff. = 0.0514259
[2021-11-05 23:09:32.085] [jointLog] [info] iteration = 300 | max rel diff. = 0.0464346
[2021-11-05 23:09:36.637] [jointLog] [info] iteration = 400 | max rel diff. = 0.0276255
[2021-11-05 23:09:41.176] [jointLog] [info] iteration = 500 | max rel diff. = 0.0227993
[2021-11-05 23:09:45.676] [jointLog] [info] iteration = 600 | max rel diff. = 0.0184152
[2021-11-05 23:09:50.221] [jointLog] [info] iteration = 700 | max rel diff. = 0.0155286
[2021-11-05 23:09:54.760] [jointLog] [info] iteration = 800 | max rel diff. = 0.0134192
[2021-11-05 23:09:59.329] [jointLog] [info] iteration = 900 | max rel diff. = 0.0123729
[2021-11-05 23:10:03.754] [jointLog] [info] iteration = 997 | max rel diff. = 0.00980544
[2021-11-05 23:10:03.793] [jointLog] [info] Finished optimizer
[2021-11-05 23:10:03.793] [jointLog] [info] writing output 

