[2021-11-06 00:04:16.559] [jointLog] [info] Fragment incompatibility prior below threshold.  Incompatible fragments will be ignored.
[2021-11-06 00:04:16.559] [jointLog] [info] parsing read library format
[2021-11-06 00:04:16.559] [jointLog] [info] There is 1 library.
[2021-11-06 00:04:16.772] [jointLog] [info] Loading Quasi index
[2021-11-06 00:04:16.773] [jointLog] [info] Loading 32-bit quasi index
[2021-11-06 00:04:27.671] [jointLog] [info] done
[2021-11-06 00:04:27.671] [jointLog] [info] Index contained 105833 targets
[2021-11-06 00:04:29.921] [jointLog] [info] Automatically detected most likely library type as IU
[2021-11-06 00:18:02.853] [jointLog] [info] Thread saw mini-batch with a maximum of 0.54% zero probability fragments
[2021-11-06 00:18:02.854] [jointLog] [info] Thread saw mini-batch with a maximum of 0.54% zero probability fragments
[2021-11-06 00:18:02.854] [jointLog] [info] Thread saw mini-batch with a maximum of 0.52% zero probability fragments
[2021-11-06 00:18:02.929] [jointLog] [info] Thread saw mini-batch with a maximum of 0.56% zero probability fragments
[2021-11-06 00:18:02.975] [jointLog] [info] Thread saw mini-batch with a maximum of 0.52% zero probability fragments
[2021-11-06 00:18:03.042] [jointLog] [info] Thread saw mini-batch with a maximum of 0.64% zero probability fragments
[2021-11-06 00:18:03.107] [jointLog] [info] Thread saw mini-batch with a maximum of 0.50% zero probability fragments
[2021-11-06 00:18:03.108] [jointLog] [info] Thread saw mini-batch with a maximum of 0.58% zero probability fragments
[2021-11-06 00:18:03.438] [jointLog] [info] Computed 166284 rich equivalence classes for further processing
[2021-11-06 00:18:03.438] [jointLog] [info] Counted 25354286 total reads in the equivalence classes 
[2021-11-06 00:18:03.447] [jointLog] [info] Mapping rate = 93.7507%

[2021-11-06 00:18:03.447] [jointLog] [info] finished quantifyLibrary()
[2021-11-06 00:18:03.549] [jointLog] [info] Starting optimizer
[2021-11-06 00:18:03.709] [jointLog] [info] Marked 0 weighted equivalence classes as degenerate
[2021-11-06 00:18:03.763] [jointLog] [info] iteration = 0 | max rel diff. = 89.8848
[2021-11-06 00:18:03.439] [fileLog] [info] 
At end of round 0
==================
Observed 27044370 total fragments (27044370 in most recent round)

[2021-11-06 00:18:08.457] [jointLog] [info] iteration = 100 | max rel diff. = 0.0973284
[2021-11-06 00:18:13.117] [jointLog] [info] iteration = 200 | max rel diff. = 0.106497
[2021-11-06 00:18:17.770] [jointLog] [info] iteration = 300 | max rel diff. = 0.0502639
[2021-11-06 00:18:22.575] [jointLog] [info] iteration = 400 | max rel diff. = 0.0261043
[2021-11-06 00:18:27.229] [jointLog] [info] iteration = 500 | max rel diff. = 0.0230873
[2021-11-06 00:18:31.855] [jointLog] [info] iteration = 600 | max rel diff. = 0.0181082
[2021-11-06 00:18:36.440] [jointLog] [info] iteration = 700 | max rel diff. = 0.015036
[2021-11-06 00:18:40.953] [jointLog] [info] iteration = 800 | max rel diff. = 0.0126223
[2021-11-06 00:18:45.526] [jointLog] [info] iteration = 900 | max rel diff. = 0.0118905
[2021-11-06 00:18:50.166] [jointLog] [info] iteration = 1000 | max rel diff. = 0.0112602
[2021-11-06 00:18:52.116] [jointLog] [info] iteration = 1042 | max rel diff. = 0.0096189
[2021-11-06 00:18:52.150] [jointLog] [info] Finished optimizer
[2021-11-06 00:18:52.150] [jointLog] [info] writing output 

