[2021-11-05 21:46:45.384] [jointLog] [info] Fragment incompatibility prior below threshold.  Incompatible fragments will be ignored.
[2021-11-05 21:46:45.384] [jointLog] [info] parsing read library format
[2021-11-05 21:46:45.384] [jointLog] [info] There is 1 library.
[2021-11-05 21:46:45.593] [jointLog] [info] Loading Quasi index
[2021-11-05 21:46:45.594] [jointLog] [info] Loading 32-bit quasi index
[2021-11-05 21:46:55.977] [jointLog] [info] done
[2021-11-05 21:46:55.977] [jointLog] [info] Index contained 105833 targets
[2021-11-05 21:46:58.190] [jointLog] [info] Automatically detected most likely library type as IU
[2021-11-05 22:01:19.835] [jointLog] [info] Thread saw mini-batch with a maximum of 0.50% zero probability fragments
[2021-11-05 22:01:19.835] [jointLog] [info] Thread saw mini-batch with a maximum of 0.56% zero probability fragments
[2021-11-05 22:01:19.835] [jointLog] [info] Thread saw mini-batch with a maximum of 0.46% zero probability fragments
[2021-11-05 22:01:19.835] [jointLog] [info] Thread saw mini-batch with a maximum of 0.50% zero probability fragments
[2021-11-05 22:01:19.917] [jointLog] [info] Thread saw mini-batch with a maximum of 0.50% zero probability fragments
[2021-11-05 22:01:20.002] [jointLog] [info] Thread saw mini-batch with a maximum of 0.48% zero probability fragments
[2021-11-05 22:01:20.063] [jointLog] [info] Thread saw mini-batch with a maximum of 0.50% zero probability fragments
[2021-11-05 22:01:20.081] [jointLog] [info] Thread saw mini-batch with a maximum of 0.52% zero probability fragments
[2021-11-05 22:01:20.388] [fileLog] [info] 
At end of round 0
==================
Observed 26435387 total fragments (26435387 in most recent round)

[2021-11-05 22:01:20.387] [jointLog] [info] Computed 160421 rich equivalence classes for further processing
[2021-11-05 22:01:20.387] [jointLog] [info] Counted 24127458 total reads in the equivalence classes 
[2021-11-05 22:01:20.396] [jointLog] [info] Mapping rate = 91.2695%

[2021-11-05 22:01:20.396] [jointLog] [info] finished quantifyLibrary()
[2021-11-05 22:01:20.492] [jointLog] [info] Starting optimizer
[2021-11-05 22:01:20.633] [jointLog] [info] Marked 0 weighted equivalence classes as degenerate
[2021-11-05 22:01:20.690] [jointLog] [info] iteration = 0 | max rel diff. = 103.553
[2021-11-05 22:01:25.215] [jointLog] [info] iteration = 100 | max rel diff. = 0.101471
[2021-11-05 22:01:29.809] [jointLog] [info] iteration = 200 | max rel diff. = 0.0541536
[2021-11-05 22:01:34.489] [jointLog] [info] iteration = 300 | max rel diff. = 0.0360136
[2021-11-05 22:01:39.138] [jointLog] [info] iteration = 400 | max rel diff. = 0.0305579
[2021-11-05 22:01:43.697] [jointLog] [info] iteration = 500 | max rel diff. = 0.0230398
[2021-11-05 22:01:48.241] [jointLog] [info] iteration = 600 | max rel diff. = 0.0194351
[2021-11-05 22:01:52.767] [jointLog] [info] iteration = 700 | max rel diff. = 0.0156468
[2021-11-05 22:01:57.233] [jointLog] [info] iteration = 800 | max rel diff. = 0.0255414
[2021-11-05 22:02:01.755] [jointLog] [info] iteration = 900 | max rel diff. = 0.030895
[2021-11-05 22:02:06.363] [jointLog] [info] iteration = 1000 | max rel diff. = 0.0142395
[2021-11-05 22:02:10.975] [jointLog] [info] iteration = 1100 | max rel diff. = 0.0127109
[2021-11-05 22:02:13.920] [jointLog] [info] iteration = 1165 | max rel diff. = 0.00982942
[2021-11-05 22:02:13.959] [jointLog] [info] Finished optimizer
[2021-11-05 22:02:13.959] [jointLog] [info] writing output 

