[2023-01-20 17:21:58.865] [jointLog] [info] setting maxHashResizeThreads to 8
[2023-01-20 17:21:58.865] [jointLog] [info] Fragment incompatibility prior below threshold.  Incompatible fragments will be ignored.
[2023-01-20 17:21:58.865] [jointLog] [info] Usage of --validateMappings implies use of minScoreFraction. Since not explicitly specified, it is being set to 0.65
[2023-01-20 17:21:58.865] [jointLog] [info] Setting consensusSlack to selective-alignment default of 0.35.
[2023-01-20 17:21:58.865] [jointLog] [info] parsing read library format
[2023-01-20 17:21:58.865] [jointLog] [info] There is 1 library.
[2023-01-20 17:21:58.867] [jointLog] [info] Loading pufferfish index
[2023-01-20 17:21:58.868] [jointLog] [info] Loading dense pufferfish index.
[2023-01-20 17:22:51.731] [jointLog] [info] done
[2023-01-20 17:22:51.876] [jointLog] [info] Index contained 117,201 targets
[2023-01-20 17:22:54.403] [jointLog] [info] Number of decoys : 66
[2023-01-20 17:22:54.403] [jointLog] [info] First decoy index : 117,096 
[2023-01-20 17:22:55.675] [jointLog] [info] Automatically detected most likely library type as IU

[2023-01-20 17:25:43.959] [fileLog] [info] 
At end of round 0
==================
Observed 18844700 total fragments (18844700 in most recent round)

[2023-01-20 17:25:43.958] [jointLog] [info] Computed 236,197 rich equivalence classes for further processing
[2023-01-20 17:25:43.958] [jointLog] [info] Counted 15,424,307 total reads in the equivalence classes 
[2023-01-20 17:25:43.985] [jointLog] [info] Number of mappings discarded because of alignment score : 4,894,857
[2023-01-20 17:25:43.985] [jointLog] [info] Number of fragments entirely discarded because of alignment score : 666,179
[2023-01-20 17:25:43.985] [jointLog] [info] Number of fragments discarded because they are best-mapped to decoys : 337,009
[2023-01-20 17:25:43.985] [jointLog] [info] Number of fragments discarded because they have only dovetail (discordant) mappings to valid targets : 257,547
[2023-01-20 17:25:43.985] [jointLog] [info] Mapping rate = 81.8496%

[2023-01-20 17:25:43.986] [jointLog] [info] finished quantifyLibrary()
[2023-01-20 17:25:43.989] [jointLog] [info] Starting optimizer
[2023-01-20 17:25:44.115] [jointLog] [info] Marked 0 weighted equivalence classes as degenerate
[2023-01-20 17:25:44.141] [jointLog] [info] iteration = 0 | max rel diff. = 9090.05
[2023-01-20 17:25:44.382] [jointLog] [info] iteration 11, adjusting effective lengths to account for biases
[2023-01-20 17:26:49.015] [jointLog] [info] Computed expected counts (for bias correction)
[2023-01-20 17:26:49.015] [jointLog] [info] processed bias for 0.0% of the transcripts
[2023-01-20 17:26:52.558] [jointLog] [info] processed bias for 10.0% of the transcripts
[2023-01-20 17:26:54.571] [jointLog] [info] processed bias for 20.0% of the transcripts
[2023-01-20 17:26:59.478] [jointLog] [info] processed bias for 30.0% of the transcripts
[2023-01-20 17:27:05.208] [jointLog] [info] processed bias for 40.0% of the transcripts
[2023-01-20 17:27:10.963] [jointLog] [info] processed bias for 50.0% of the transcripts
[2023-01-20 17:27:16.949] [jointLog] [info] processed bias for 60.0% of the transcripts
[2023-01-20 17:27:22.676] [jointLog] [info] processed bias for 70.0% of the transcripts
[2023-01-20 17:27:28.365] [jointLog] [info] processed bias for 80.0% of the transcripts
[2023-01-20 17:27:34.179] [jointLog] [info] processed bias for 90.0% of the transcripts
[2023-01-20 17:27:40.116] [jointLog] [info] processed bias for 100.0% of the transcripts
[2023-01-20 17:27:42.190] [jointLog] [info] iteration = 100 | max rel diff. = 14.4193
[2023-01-20 17:27:44.488] [jointLog] [info] iteration = 200 | max rel diff. = 17.5361
[2023-01-20 17:27:46.748] [jointLog] [info] iteration = 300 | max rel diff. = 2.16649
[2023-01-20 17:27:49.002] [jointLog] [info] iteration = 400 | max rel diff. = 13.3398
[2023-01-20 17:27:51.252] [jointLog] [info] iteration = 500 | max rel diff. = 2.5597
[2023-01-20 17:27:53.491] [jointLog] [info] iteration = 600 | max rel diff. = 0.42673
[2023-01-20 17:27:55.766] [jointLog] [info] iteration = 700 | max rel diff. = 2.56975
[2023-01-20 17:27:58.021] [jointLog] [info] iteration = 800 | max rel diff. = 0.138487
[2023-01-20 17:27:59.630] [jointLog] [info] iteration = 873 | max rel diff. = 0.00950028
[2023-01-20 17:27:59.653] [jointLog] [info] Finished optimizer
[2023-01-20 17:27:59.653] [jointLog] [info] writing output 

