[2023-01-20 19:35:58.241] [jointLog] [info] setting maxHashResizeThreads to 8
[2023-01-20 19:35:58.241] [jointLog] [info] Fragment incompatibility prior below threshold.  Incompatible fragments will be ignored.
[2023-01-20 19:35:58.241] [jointLog] [info] Usage of --validateMappings implies use of minScoreFraction. Since not explicitly specified, it is being set to 0.65
[2023-01-20 19:35:58.241] [jointLog] [info] Setting consensusSlack to selective-alignment default of 0.35.
[2023-01-20 19:35:58.241] [jointLog] [info] parsing read library format
[2023-01-20 19:35:58.241] [jointLog] [info] There is 1 library.
[2023-01-20 19:35:58.244] [jointLog] [info] Loading pufferfish index
[2023-01-20 19:35:58.244] [jointLog] [info] Loading dense pufferfish index.
[2023-01-20 19:36:51.393] [jointLog] [info] done
[2023-01-20 19:36:51.532] [jointLog] [info] Index contained 117,201 targets
[2023-01-20 19:36:54.134] [jointLog] [info] Number of decoys : 66
[2023-01-20 19:36:54.134] [jointLog] [info] First decoy index : 117,096 
[2023-01-20 19:36:55.193] [jointLog] [info] Automatically detected most likely library type as IU

[2023-01-20 19:39:53.595] [jointLog] [info] Computed 244,976 rich equivalence classes for further processing
[2023-01-20 19:39:53.595] [jointLog] [info] Counted 17,271,612 total reads in the equivalence classes 
[2023-01-20 19:39:53.611] [jointLog] [info] Number of mappings discarded because of alignment score : 5,321,180
[2023-01-20 19:39:53.611] [jointLog] [info] Number of fragments entirely discarded because of alignment score : 618,684
[2023-01-20 19:39:53.611] [jointLog] [info] Number of fragments discarded because they are best-mapped to decoys : 300,664
[2023-01-20 19:39:53.611] [jointLog] [info] Number of fragments discarded because they have only dovetail (discordant) mappings to valid targets : 340,486
[2023-01-20 19:39:53.611] [jointLog] [info] Mapping rate = 90.875%

[2023-01-20 19:39:53.611] [jointLog] [info] finished quantifyLibrary()
[2023-01-20 19:39:53.623] [jointLog] [info] Starting optimizer
[2023-01-20 19:39:53.596] [fileLog] [info] 
At end of round 0
==================
Observed 19005894 total fragments (19005894 in most recent round)

[2023-01-20 19:40:00.622] [jointLog] [info] Marked 0 weighted equivalence classes as degenerate
[2023-01-20 19:40:00.656] [jointLog] [info] iteration = 0 | max rel diff. = 9588.37
[2023-01-20 19:40:00.960] [jointLog] [info] iteration 11, adjusting effective lengths to account for biases
[2023-01-20 19:41:04.320] [jointLog] [info] Computed expected counts (for bias correction)
[2023-01-20 19:41:04.320] [jointLog] [info] processed bias for 0.0% of the transcripts
[2023-01-20 19:41:07.771] [jointLog] [info] processed bias for 10.0% of the transcripts
[2023-01-20 19:41:09.824] [jointLog] [info] processed bias for 20.0% of the transcripts
[2023-01-20 19:41:14.705] [jointLog] [info] processed bias for 30.0% of the transcripts
[2023-01-20 19:41:20.380] [jointLog] [info] processed bias for 40.0% of the transcripts
[2023-01-20 19:41:26.058] [jointLog] [info] processed bias for 50.0% of the transcripts
[2023-01-20 19:41:31.687] [jointLog] [info] processed bias for 60.0% of the transcripts
[2023-01-20 19:41:37.417] [jointLog] [info] processed bias for 70.0% of the transcripts
[2023-01-20 19:41:43.183] [jointLog] [info] processed bias for 80.0% of the transcripts
[2023-01-20 19:41:48.975] [jointLog] [info] processed bias for 90.0% of the transcripts
[2023-01-20 19:41:54.598] [jointLog] [info] processed bias for 100.0% of the transcripts
[2023-01-20 19:41:57.103] [jointLog] [info] iteration = 100 | max rel diff. = 14.5435
[2023-01-20 19:41:59.907] [jointLog] [info] iteration = 200 | max rel diff. = 18.6404
[2023-01-20 19:42:02.680] [jointLog] [info] iteration = 300 | max rel diff. = 3.6523
[2023-01-20 19:42:05.480] [jointLog] [info] iteration = 400 | max rel diff. = 6.4899
[2023-01-20 19:42:08.285] [jointLog] [info] iteration = 500 | max rel diff. = 4.95893
[2023-01-20 19:42:11.038] [jointLog] [info] iteration = 600 | max rel diff. = 0.864087
[2023-01-20 19:42:13.841] [jointLog] [info] iteration = 700 | max rel diff. = 0.131229
[2023-01-20 19:42:16.619] [jointLog] [info] iteration = 800 | max rel diff. = 0.127878
[2023-01-20 19:42:19.540] [jointLog] [info] iteration = 900 | max rel diff. = 0.108193
[2023-01-20 19:42:22.359] [jointLog] [info] iteration = 1,000 | max rel diff. = 0.285093
[2023-01-20 19:42:25.192] [jointLog] [info] iteration = 1,100 | max rel diff. = 0.0979679
[2023-01-20 19:42:28.014] [jointLog] [info] iteration = 1,200 | max rel diff. = 0.0536603
[2023-01-20 19:42:29.737] [jointLog] [info] iteration = 1,262 | max rel diff. = 0.0046125
[2023-01-20 19:42:29.760] [jointLog] [info] Finished optimizer
[2023-01-20 19:42:29.760] [jointLog] [info] writing output 

