[2021-11-05 19:40:20.193] [jointLog] [info] Fragment incompatibility prior below threshold.  Incompatible fragments will be ignored.
[2021-11-05 19:40:20.193] [jointLog] [info] parsing read library format
[2021-11-05 19:40:20.193] [jointLog] [info] There is 1 library.
[2021-11-05 19:40:20.488] [jointLog] [info] Loading Quasi index
[2021-11-05 19:40:20.510] [jointLog] [info] Loading 32-bit quasi index
[2021-11-05 19:40:39.083] [jointLog] [info] done
[2021-11-05 19:40:39.083] [jointLog] [info] Index contained 105833 targets
[2021-11-05 19:40:41.915] [jointLog] [info] Automatically detected most likely library type as IU
[2021-11-05 19:56:36.615] [jointLog] [info] Thread saw mini-batch with a maximum of 0.64% zero probability fragments
[2021-11-05 19:56:36.615] [jointLog] [info] Thread saw mini-batch with a maximum of 0.56% zero probability fragments
[2021-11-05 19:56:36.615] [jointLog] [info] Thread saw mini-batch with a maximum of 0.66% zero probability fragments
[2021-11-05 19:56:36.650] [jointLog] [info] Thread saw mini-batch with a maximum of 0.68% zero probability fragments
[2021-11-05 19:56:36.766] [jointLog] [info] Thread saw mini-batch with a maximum of 0.58% zero probability fragments
[2021-11-05 19:56:36.830] [jointLog] [info] Thread saw mini-batch with a maximum of 0.68% zero probability fragments
[2021-11-05 19:56:36.883] [jointLog] [info] Thread saw mini-batch with a maximum of 0.64% zero probability fragments
[2021-11-05 19:56:36.915] [jointLog] [info] Thread saw mini-batch with a maximum of 0.64% zero probability fragments
[2021-11-05 19:56:37.282] [fileLog] [info] 
At end of round 0
==================
Observed 23510567 total fragments (23510567 in most recent round)

[2021-11-05 19:56:37.281] [jointLog] [info] Computed 160805 rich equivalence classes for further processing
[2021-11-05 19:56:37.281] [jointLog] [info] Counted 21884451 total reads in the equivalence classes 
[2021-11-05 19:56:37.292] [jointLog] [info] Mapping rate = 93.0835%

[2021-11-05 19:56:37.292] [jointLog] [info] finished quantifyLibrary()
[2021-11-05 19:56:37.422] [jointLog] [info] Starting optimizer
[2021-11-05 19:56:37.845] [jointLog] [info] Marked 0 weighted equivalence classes as degenerate
[2021-11-05 19:56:37.904] [jointLog] [info] iteration = 0 | max rel diff. = 103.209
[2021-11-05 19:56:42.779] [jointLog] [info] iteration = 100 | max rel diff. = 0.099876
[2021-11-05 19:56:47.522] [jointLog] [info] iteration = 200 | max rel diff. = 0.07531
[2021-11-05 19:56:52.268] [jointLog] [info] iteration = 300 | max rel diff. = 0.0399224
[2021-11-05 19:56:57.191] [jointLog] [info] iteration = 400 | max rel diff. = 0.0260949
[2021-11-05 19:57:02.102] [jointLog] [info] iteration = 500 | max rel diff. = 0.0222007
[2021-11-05 19:57:06.938] [jointLog] [info] iteration = 600 | max rel diff. = 0.0183931
[2021-11-05 19:57:11.654] [jointLog] [info] iteration = 700 | max rel diff. = 0.0183932
[2021-11-05 19:57:16.226] [jointLog] [info] iteration = 800 | max rel diff. = 0.014751
[2021-11-05 19:57:20.784] [jointLog] [info] iteration = 900 | max rel diff. = 0.0123346
[2021-11-05 19:57:25.310] [jointLog] [info] iteration = 1000 | max rel diff. = 0.0113668
[2021-11-05 19:57:25.797] [jointLog] [info] iteration = 1012 | max rel diff. = 0.00970267
[2021-11-05 19:57:25.835] [jointLog] [info] Finished optimizer
[2021-11-05 19:57:25.835] [jointLog] [info] writing output 

