[2021-11-05 20:14:07.347] [jointLog] [info] Fragment incompatibility prior below threshold.  Incompatible fragments will be ignored.
[2021-11-05 20:14:07.347] [jointLog] [info] parsing read library format
[2021-11-05 20:14:07.347] [jointLog] [info] There is 1 library.
[2021-11-05 20:14:07.532] [jointLog] [info] Loading Quasi index
[2021-11-05 20:14:07.533] [jointLog] [info] Loading 32-bit quasi index
[2021-11-05 20:14:19.316] [jointLog] [info] done
[2021-11-05 20:14:19.316] [jointLog] [info] Index contained 105833 targets
[2021-11-05 20:14:21.723] [jointLog] [info] Automatically detected most likely library type as IU
[2021-11-05 20:31:39.000] [jointLog] [info] Thread saw mini-batch with a maximum of 0.62% zero probability fragments
[2021-11-05 20:31:39.000] [jointLog] [info] Thread saw mini-batch with a maximum of 0.60% zero probability fragments
[2021-11-05 20:31:39.179] [jointLog] [info] Thread saw mini-batch with a maximum of 0.58% zero probability fragments
[2021-11-05 20:31:39.273] [jointLog] [info] Thread saw mini-batch with a maximum of 0.62% zero probability fragments
[2021-11-05 20:31:39.358] [jointLog] [info] Thread saw mini-batch with a maximum of 0.56% zero probability fragments
[2021-11-05 20:31:39.384] [jointLog] [info] Thread saw mini-batch with a maximum of 0.62% zero probability fragments
[2021-11-05 20:31:39.419] [jointLog] [info] Thread saw mini-batch with a maximum of 0.62% zero probability fragments
[2021-11-05 20:31:39.442] [jointLog] [info] Thread saw mini-batch with a maximum of 0.54% zero probability fragments
[2021-11-05 20:31:39.822] [jointLog] [info] Computed 162796 rich equivalence classes for further processing
[2021-11-05 20:31:39.822] [jointLog] [info] Counted 24734326 total reads in the equivalence classes 
[2021-11-05 20:31:39.833] [jointLog] [info] Mapping rate = 93.8046%

[2021-11-05 20:31:39.833] [jointLog] [info] finished quantifyLibrary()
[2021-11-05 20:31:39.969] [jointLog] [info] Starting optimizer
[2021-11-05 20:31:40.132] [jointLog] [info] Marked 0 weighted equivalence classes as degenerate
[2021-11-05 20:31:40.189] [jointLog] [info] iteration = 0 | max rel diff. = 98.4428
[2021-11-05 20:31:39.823] [fileLog] [info] 
At end of round 0
==================
Observed 26367923 total fragments (26367923 in most recent round)

[2021-11-05 20:31:45.064] [jointLog] [info] iteration = 100 | max rel diff. = 0.105468
[2021-11-05 20:31:50.015] [jointLog] [info] iteration = 200 | max rel diff. = 0.0508958
[2021-11-05 20:31:55.108] [jointLog] [info] iteration = 300 | max rel diff. = 0.0364117
[2021-11-05 20:32:00.334] [jointLog] [info] iteration = 400 | max rel diff. = 0.0274153
[2021-11-05 20:32:05.539] [jointLog] [info] iteration = 500 | max rel diff. = 0.0230379
[2021-11-05 20:32:10.716] [jointLog] [info] iteration = 600 | max rel diff. = 0.0195689
[2021-11-05 20:32:15.925] [jointLog] [info] iteration = 700 | max rel diff. = 0.0163715
[2021-11-05 20:32:21.175] [jointLog] [info] iteration = 800 | max rel diff. = 0.0130913
[2021-11-05 20:32:26.460] [jointLog] [info] iteration = 900 | max rel diff. = 0.0118092
[2021-11-05 20:32:31.772] [jointLog] [info] iteration = 1000 | max rel diff. = 0.0101604
[2021-11-05 20:32:37.044] [jointLog] [info] iteration = 1098 | max rel diff. = 0.00987764
[2021-11-05 20:32:37.075] [jointLog] [info] Finished optimizer
[2021-11-05 20:32:37.075] [jointLog] [info] writing output 

