[2021-11-05 23:35:57.380] [jointLog] [info] Fragment incompatibility prior below threshold.  Incompatible fragments will be ignored.
[2021-11-05 23:35:57.380] [jointLog] [info] parsing read library format
[2021-11-05 23:35:57.380] [jointLog] [info] There is 1 library.
[2021-11-05 23:35:57.691] [jointLog] [info] Loading Quasi index
[2021-11-05 23:35:57.691] [jointLog] [info] Loading 32-bit quasi index
[2021-11-05 23:36:08.624] [jointLog] [info] done
[2021-11-05 23:36:08.624] [jointLog] [info] Index contained 105833 targets
[2021-11-05 23:36:10.874] [jointLog] [info] Automatically detected most likely library type as IU
[2021-11-05 23:48:24.587] [jointLog] [info] Thread saw mini-batch with a maximum of 0.70% zero probability fragments
[2021-11-05 23:48:24.587] [jointLog] [info] Thread saw mini-batch with a maximum of 0.58% zero probability fragments
[2021-11-05 23:48:24.587] [jointLog] [info] Thread saw mini-batch with a maximum of 0.56% zero probability fragments
[2021-11-05 23:48:24.594] [jointLog] [info] Thread saw mini-batch with a maximum of 0.60% zero probability fragments
[2021-11-05 23:48:24.720] [jointLog] [info] Thread saw mini-batch with a maximum of 0.58% zero probability fragments
[2021-11-05 23:48:24.777] [jointLog] [info] Thread saw mini-batch with a maximum of 0.62% zero probability fragments
[2021-11-05 23:48:24.795] [jointLog] [info] Thread saw mini-batch with a maximum of 0.58% zero probability fragments
[2021-11-05 23:48:24.816] [jointLog] [info] Thread saw mini-batch with a maximum of 0.64% zero probability fragments
[2021-11-05 23:48:25.169] [fileLog] [info] 
At end of round 0
==================
Observed 24093454 total fragments (24093454 in most recent round)

[2021-11-05 23:48:25.168] [jointLog] [info] Computed 156725 rich equivalence classes for further processing
[2021-11-05 23:48:25.168] [jointLog] [info] Counted 22701539 total reads in the equivalence classes 
[2021-11-05 23:48:25.178] [jointLog] [info] Mapping rate = 94.2228%

[2021-11-05 23:48:25.178] [jointLog] [info] finished quantifyLibrary()
[2021-11-05 23:48:25.288] [jointLog] [info] Starting optimizer
[2021-11-05 23:48:25.423] [jointLog] [info] Marked 0 weighted equivalence classes as degenerate
[2021-11-05 23:48:25.480] [jointLog] [info] iteration = 0 | max rel diff. = 99.7761
[2021-11-05 23:48:29.944] [jointLog] [info] iteration = 100 | max rel diff. = 0.0997093
[2021-11-05 23:48:34.445] [jointLog] [info] iteration = 200 | max rel diff. = 0.0517242
[2021-11-05 23:48:38.973] [jointLog] [info] iteration = 300 | max rel diff. = 0.0353145
[2021-11-05 23:48:43.627] [jointLog] [info] iteration = 400 | max rel diff. = 0.0265188
[2021-11-05 23:48:48.300] [jointLog] [info] iteration = 500 | max rel diff. = 0.0229338
[2021-11-05 23:48:53.009] [jointLog] [info] iteration = 600 | max rel diff. = 0.0184703
[2021-11-05 23:48:57.697] [jointLog] [info] iteration = 700 | max rel diff. = 0.0152242
[2021-11-05 23:49:02.414] [jointLog] [info] iteration = 800 | max rel diff. = 0.0151087
[2021-11-05 23:49:07.156] [jointLog] [info] iteration = 900 | max rel diff. = 0.0122063
[2021-11-05 23:49:11.829] [jointLog] [info] iteration = 1000 | max rel diff. = 0.0109595
[2021-11-05 23:49:16.650] [jointLog] [info] iteration = 1100 | max rel diff. = 0.0157125
[2021-11-05 23:49:21.454] [jointLog] [info] iteration = 1200 | max rel diff. = 0.0109653
[2021-11-05 23:49:22.349] [jointLog] [info] iteration = 1220 | max rel diff. = 0.00995179
[2021-11-05 23:49:22.397] [jointLog] [info] Finished optimizer
[2021-11-05 23:49:22.397] [jointLog] [info] writing output 

