[2021-11-05 23:49:25.235] [jointLog] [info] Fragment incompatibility prior below threshold.  Incompatible fragments will be ignored.
[2021-11-05 23:49:25.235] [jointLog] [info] parsing read library format
[2021-11-05 23:49:25.236] [jointLog] [info] There is 1 library.
[2021-11-05 23:49:25.459] [jointLog] [info] Loading Quasi index
[2021-11-05 23:49:25.459] [jointLog] [info] Loading 32-bit quasi index
[2021-11-05 23:49:36.368] [jointLog] [info] done
[2021-11-05 23:49:36.368] [jointLog] [info] Index contained 105833 targets
[2021-11-05 23:49:38.464] [jointLog] [info] Automatically detected most likely library type as IU
[2021-11-06 00:03:23.024] [jointLog] [info] Thread saw mini-batch with a maximum of 0.54% zero probability fragments
[2021-11-06 00:03:23.024] [jointLog] [info] Thread saw mini-batch with a maximum of 0.52% zero probability fragments
[2021-11-06 00:03:23.024] [jointLog] [info] Thread saw mini-batch with a maximum of 0.48% zero probability fragments
[2021-11-06 00:03:23.024] [jointLog] [info] Thread saw mini-batch with a maximum of 0.52% zero probability fragments
[2021-11-06 00:03:23.094] [jointLog] [info] Thread saw mini-batch with a maximum of 0.50% zero probability fragments
[2021-11-06 00:03:23.167] [jointLog] [info] Thread saw mini-batch with a maximum of 0.48% zero probability fragments
[2021-11-06 00:03:23.213] [jointLog] [info] Thread saw mini-batch with a maximum of 0.54% zero probability fragments
[2021-11-06 00:03:23.241] [jointLog] [info] Thread saw mini-batch with a maximum of 0.54% zero probability fragments
[2021-11-06 00:03:23.565] [fileLog] [info] 
At end of round 0
==================
Observed 27495116 total fragments (27495116 in most recent round)

[2021-11-06 00:03:23.564] [jointLog] [info] Computed 160649 rich equivalence classes for further processing
[2021-11-06 00:03:23.564] [jointLog] [info] Counted 26124314 total reads in the equivalence classes 
[2021-11-06 00:03:23.574] [jointLog] [info] Mapping rate = 95.0144%

[2021-11-06 00:03:23.574] [jointLog] [info] finished quantifyLibrary()
[2021-11-06 00:03:23.645] [jointLog] [info] Starting optimizer
[2021-11-06 00:03:23.781] [jointLog] [info] Marked 0 weighted equivalence classes as degenerate
[2021-11-06 00:03:23.833] [jointLog] [info] iteration = 0 | max rel diff. = 75.6058
[2021-11-06 00:03:28.420] [jointLog] [info] iteration = 100 | max rel diff. = 0.161034
[2021-11-06 00:03:33.011] [jointLog] [info] iteration = 200 | max rel diff. = 0.0570264
[2021-11-06 00:03:37.692] [jointLog] [info] iteration = 300 | max rel diff. = 0.0477065
[2021-11-06 00:03:42.553] [jointLog] [info] iteration = 400 | max rel diff. = 0.0284226
[2021-11-06 00:03:47.257] [jointLog] [info] iteration = 500 | max rel diff. = 0.0332426
[2021-11-06 00:03:51.993] [jointLog] [info] iteration = 600 | max rel diff. = 0.0174407
[2021-11-06 00:03:56.823] [jointLog] [info] iteration = 700 | max rel diff. = 0.0163841
[2021-11-06 00:04:01.633] [jointLog] [info] iteration = 800 | max rel diff. = 0.0136362
[2021-11-06 00:04:06.478] [jointLog] [info] iteration = 900 | max rel diff. = 0.0167355
[2021-11-06 00:04:11.408] [jointLog] [info] iteration = 1000 | max rel diff. = 0.0120866
[2021-11-06 00:04:13.331] [jointLog] [info] iteration = 1040 | max rel diff. = 0.00969574
[2021-11-06 00:04:13.368] [jointLog] [info] Finished optimizer
[2021-11-06 00:04:13.368] [jointLog] [info] writing output 

