[2022-07-15 18:56:13.920] [jointLog] [info] setting maxHashResizeThreads to 8
[2022-07-15 18:56:13.920] [jointLog] [info] Fragment incompatibility prior below threshold.  Incompatible fragments will be ignored.
[2022-07-15 18:56:13.920] [jointLog] [info] Usage of --validateMappings implies use of minScoreFraction. Since not explicitly specified, it is being set to 0.65
[2022-07-15 18:56:13.920] [jointLog] [info] Setting consensusSlack to selective-alignment default of 0.35.
[2022-07-15 18:56:13.920] [jointLog] [info] parsing read library format
[2022-07-15 18:56:13.920] [jointLog] [info] There is 1 library.
[2022-07-15 18:56:13.922] [jointLog] [info] Loading pufferfish index
[2022-07-15 18:56:13.922] [jointLog] [info] Loading dense pufferfish index.
[2022-07-15 18:56:14.777] [jointLog] [info] done
[2022-07-15 18:56:14.860] [jointLog] [info] Index contained 117,135 targets
[2022-07-15 18:56:17.227] [jointLog] [info] Number of decoys : 0
[2022-07-15 18:56:17.651] [jointLog] [info] Automatically detected most likely library type as IU

[2022-07-15 18:57:43.888] [fileLog] [info] 
At end of round 0
==================
Observed 23947783 total fragments (23947783 in most recent round)

[2022-07-15 18:57:43.888] [jointLog] [info] Computed 300,673 rich equivalence classes for further processing
[2022-07-15 18:57:43.888] [jointLog] [info] Counted 22,220,050 total reads in the equivalence classes 
[2022-07-15 18:57:43.894] [jointLog] [info] Number of mappings discarded because of alignment score : 7,647,642
[2022-07-15 18:57:43.894] [jointLog] [info] Number of fragments entirely discarded because of alignment score : 707,240
[2022-07-15 18:57:43.894] [jointLog] [info] Number of fragments discarded because they are best-mapped to decoys : 0
[2022-07-15 18:57:43.894] [jointLog] [info] Number of fragments discarded because they have only dovetail (discordant) mappings to valid targets : 597,861
[2022-07-15 18:57:43.894] [jointLog] [info] Mapping rate = 92.7854%

[2022-07-15 18:57:43.894] [jointLog] [info] finished quantifyLibrary()
[2022-07-15 18:57:43.900] [jointLog] [info] Starting optimizer
[2022-07-15 18:57:43.986] [jointLog] [info] Marked 0 weighted equivalence classes as degenerate
[2022-07-15 18:57:43.999] [jointLog] [info] iteration = 0 | max rel diff. = 10412.4
[2022-07-15 18:57:44.103] [jointLog] [info] iteration 11, adjusting effective lengths to account for biases
[2022-07-15 18:58:05.629] [jointLog] [info] Computed expected counts (for bias correction)
[2022-07-15 18:58:05.629] [jointLog] [info] processed bias for 0.0% of the transcripts
[2022-07-15 18:58:07.861] [jointLog] [info] processed bias for 10.0% of the transcripts
[2022-07-15 18:58:10.274] [jointLog] [info] processed bias for 20.0% of the transcripts
[2022-07-15 18:58:12.618] [jointLog] [info] processed bias for 30.0% of the transcripts
[2022-07-15 18:58:14.960] [jointLog] [info] processed bias for 40.0% of the transcripts
[2022-07-15 18:58:17.296] [jointLog] [info] processed bias for 50.0% of the transcripts
[2022-07-15 18:58:19.609] [jointLog] [info] processed bias for 60.0% of the transcripts
[2022-07-15 18:58:21.833] [jointLog] [info] processed bias for 70.0% of the transcripts
[2022-07-15 18:58:24.246] [jointLog] [info] processed bias for 80.1% of the transcripts
[2022-07-15 18:58:25.266] [jointLog] [info] processed bias for 90.0% of the transcripts
[2022-07-15 18:58:26.257] [jointLog] [info] processed bias for 100.0% of the transcripts
[2022-07-15 18:58:27.081] [jointLog] [info] iteration = 100 | max rel diff. = 11.6605
[2022-07-15 18:58:27.992] [jointLog] [info] iteration = 200 | max rel diff. = 13.1993
[2022-07-15 18:58:28.900] [jointLog] [info] iteration = 300 | max rel diff. = 14.9777
[2022-07-15 18:58:29.809] [jointLog] [info] iteration = 400 | max rel diff. = 0.167951
[2022-07-15 18:58:30.716] [jointLog] [info] iteration = 500 | max rel diff. = 0.211415
[2022-07-15 18:58:31.625] [jointLog] [info] iteration = 600 | max rel diff. = 0.184405
[2022-07-15 18:58:32.535] [jointLog] [info] iteration = 700 | max rel diff. = 0.155641
[2022-07-15 18:58:33.442] [jointLog] [info] iteration = 800 | max rel diff. = 0.0342902
[2022-07-15 18:58:34.351] [jointLog] [info] iteration = 900 | max rel diff. = 0.297032
[2022-07-15 18:58:35.257] [jointLog] [info] iteration = 1,000 | max rel diff. = 18.4057
[2022-07-15 18:58:36.164] [jointLog] [info] iteration = 1,100 | max rel diff. = 0.035638
[2022-07-15 18:58:37.071] [jointLog] [info] iteration = 1,200 | max rel diff. = 0.151183
[2022-07-15 18:58:37.980] [jointLog] [info] iteration = 1,300 | max rel diff. = 0.15373
[2022-07-15 18:58:38.887] [jointLog] [info] iteration = 1,400 | max rel diff. = 0.0363351
[2022-07-15 18:58:39.794] [jointLog] [info] iteration = 1,500 | max rel diff. = 0.022257
[2022-07-15 18:58:40.703] [jointLog] [info] iteration = 1,600 | max rel diff. = 0.0240597
[2022-07-15 18:58:41.439] [jointLog] [info] iteration = 1,682 | max rel diff. = 0.00602761
[2022-07-15 18:58:41.451] [jointLog] [info] Finished optimizer
[2022-07-15 18:58:41.451] [jointLog] [info] writing output 

