[2021-11-06 00:18:54.902] [jointLog] [info] Fragment incompatibility prior below threshold.  Incompatible fragments will be ignored.
[2021-11-06 00:18:54.902] [jointLog] [info] parsing read library format
[2021-11-06 00:18:54.902] [jointLog] [info] There is 1 library.
[2021-11-06 00:18:55.229] [jointLog] [info] Loading Quasi index
[2021-11-06 00:18:55.230] [jointLog] [info] Loading 32-bit quasi index
[2021-11-06 00:19:06.217] [jointLog] [info] done
[2021-11-06 00:19:06.217] [jointLog] [info] Index contained 105833 targets
[2021-11-06 00:19:08.348] [jointLog] [info] Automatically detected most likely library type as IU
[2021-11-06 00:29:53.062] [jointLog] [info] Thread saw mini-batch with a maximum of 0.46% zero probability fragments
[2021-11-06 00:29:53.062] [jointLog] [info] Thread saw mini-batch with a maximum of 0.38% zero probability fragments
[2021-11-06 00:29:53.062] [jointLog] [info] Thread saw mini-batch with a maximum of 0.40% zero probability fragments
[2021-11-06 00:29:53.126] [jointLog] [info] Thread saw mini-batch with a maximum of 0.40% zero probability fragments
[2021-11-06 00:29:53.177] [jointLog] [info] Thread saw mini-batch with a maximum of 0.44% zero probability fragments
[2021-11-06 00:29:53.234] [jointLog] [info] Thread saw mini-batch with a maximum of 0.44% zero probability fragments
[2021-11-06 00:29:53.296] [jointLog] [info] Thread saw mini-batch with a maximum of 0.44% zero probability fragments
[2021-11-06 00:29:53.321] [jointLog] [info] Thread saw mini-batch with a maximum of 0.42% zero probability fragments
[2021-11-06 00:29:53.657] [fileLog] [info] 
At end of round 0
==================
Observed 21676521 total fragments (21676521 in most recent round)

[2021-11-06 00:29:53.656] [jointLog] [info] Computed 159497 rich equivalence classes for further processing
[2021-11-06 00:29:53.656] [jointLog] [info] Counted 20283997 total reads in the equivalence classes 
[2021-11-06 00:29:53.666] [jointLog] [info] Mapping rate = 93.5759%

[2021-11-06 00:29:53.666] [jointLog] [info] finished quantifyLibrary()
[2021-11-06 00:29:53.769] [jointLog] [info] Starting optimizer
[2021-11-06 00:29:53.919] [jointLog] [info] Marked 0 weighted equivalence classes as degenerate
[2021-11-06 00:29:53.976] [jointLog] [info] iteration = 0 | max rel diff. = 114.545
[2021-11-06 00:29:58.372] [jointLog] [info] iteration = 100 | max rel diff. = 0.260553
[2021-11-06 00:30:02.828] [jointLog] [info] iteration = 200 | max rel diff. = 0.12158
[2021-11-06 00:30:07.313] [jointLog] [info] iteration = 300 | max rel diff. = 0.0360358
[2021-11-06 00:30:11.807] [jointLog] [info] iteration = 400 | max rel diff. = 0.0431998
[2021-11-06 00:30:16.378] [jointLog] [info] iteration = 500 | max rel diff. = 0.027744
[2021-11-06 00:30:20.891] [jointLog] [info] iteration = 600 | max rel diff. = 0.0171487
[2021-11-06 00:30:25.412] [jointLog] [info] iteration = 700 | max rel diff. = 0.0153906
[2021-11-06 00:30:29.947] [jointLog] [info] iteration = 800 | max rel diff. = 0.0137326
[2021-11-06 00:30:34.511] [jointLog] [info] iteration = 900 | max rel diff. = 0.0248094
[2021-11-06 00:30:39.103] [jointLog] [info] iteration = 1000 | max rel diff. = 0.0123217
[2021-11-06 00:30:41.096] [jointLog] [info] iteration = 1045 | max rel diff. = 0.00972174
[2021-11-06 00:30:41.132] [jointLog] [info] Finished optimizer
[2021-11-06 00:30:41.132] [jointLog] [info] writing output 

