[2021-11-05 22:14:27.145] [jointLog] [info] Fragment incompatibility prior below threshold.  Incompatible fragments will be ignored.
[2021-11-05 22:14:27.145] [jointLog] [info] parsing read library format
[2021-11-05 22:14:27.145] [jointLog] [info] There is 1 library.
[2021-11-05 22:14:27.357] [jointLog] [info] Loading Quasi index
[2021-11-05 22:14:27.357] [jointLog] [info] Loading 32-bit quasi index
[2021-11-05 22:14:38.303] [jointLog] [info] done
[2021-11-05 22:14:38.303] [jointLog] [info] Index contained 105833 targets
[2021-11-05 22:14:40.525] [jointLog] [info] Automatically detected most likely library type as IU
[2021-11-05 22:28:24.477] [jointLog] [info] Thread saw mini-batch with a maximum of 0.58% zero probability fragments
[2021-11-05 22:28:24.477] [jointLog] [info] Thread saw mini-batch with a maximum of 0.54% zero probability fragments
[2021-11-05 22:28:24.477] [jointLog] [info] Thread saw mini-batch with a maximum of 0.56% zero probability fragments
[2021-11-05 22:28:24.485] [jointLog] [info] Thread saw mini-batch with a maximum of 0.66% zero probability fragments
[2021-11-05 22:28:24.605] [jointLog] [info] Thread saw mini-batch with a maximum of 0.56% zero probability fragments
[2021-11-05 22:28:24.666] [jointLog] [info] Thread saw mini-batch with a maximum of 0.56% zero probability fragments
[2021-11-05 22:28:24.669] [jointLog] [info] Thread saw mini-batch with a maximum of 0.54% zero probability fragments
[2021-11-05 22:28:24.698] [jointLog] [info] Thread saw mini-batch with a maximum of 0.52% zero probability fragments
[2021-11-05 22:28:25.027] [fileLog] [info] 
At end of round 0
==================
Observed 27538028 total fragments (27538028 in most recent round)

[2021-11-05 22:28:25.026] [jointLog] [info] Computed 160864 rich equivalence classes for further processing
[2021-11-05 22:28:25.026] [jointLog] [info] Counted 26074625 total reads in the equivalence classes 
[2021-11-05 22:28:25.035] [jointLog] [info] Mapping rate = 94.6859%

[2021-11-05 22:28:25.035] [jointLog] [info] finished quantifyLibrary()
[2021-11-05 22:28:25.139] [jointLog] [info] Starting optimizer
[2021-11-05 22:28:25.274] [jointLog] [info] Marked 0 weighted equivalence classes as degenerate
[2021-11-05 22:28:25.327] [jointLog] [info] iteration = 0 | max rel diff. = 82.3241
[2021-11-05 22:28:30.019] [jointLog] [info] iteration = 100 | max rel diff. = 0.0962864
[2021-11-05 22:28:34.858] [jointLog] [info] iteration = 200 | max rel diff. = 0.053655
[2021-11-05 22:28:39.766] [jointLog] [info] iteration = 300 | max rel diff. = 0.0397658
[2021-11-05 22:28:44.533] [jointLog] [info] iteration = 400 | max rel diff. = 0.0268109
[2021-11-05 22:28:49.243] [jointLog] [info] iteration = 500 | max rel diff. = 0.0219708
[2021-11-05 22:28:54.324] [jointLog] [info] iteration = 600 | max rel diff. = 0.0178544
[2021-11-05 22:28:59.052] [jointLog] [info] iteration = 700 | max rel diff. = 0.0159726
[2021-11-05 22:29:03.973] [jointLog] [info] iteration = 800 | max rel diff. = 0.0153086
[2021-11-05 22:29:08.777] [jointLog] [info] iteration = 900 | max rel diff. = 0.0126506
[2021-11-05 22:29:13.124] [jointLog] [info] iteration = 991 | max rel diff. = 0.00990105
[2021-11-05 22:29:13.146] [jointLog] [info] Finished optimizer
[2021-11-05 22:29:13.146] [jointLog] [info] writing output 

