[2021-11-05 21:34:39.058] [jointLog] [info] Fragment incompatibility prior below threshold.  Incompatible fragments will be ignored.
[2021-11-05 21:34:39.058] [jointLog] [info] parsing read library format
[2021-11-05 21:34:39.058] [jointLog] [info] There is 1 library.
[2021-11-05 21:34:39.297] [jointLog] [info] Loading Quasi index
[2021-11-05 21:34:39.298] [jointLog] [info] Loading 32-bit quasi index
[2021-11-05 21:34:50.915] [jointLog] [info] done
[2021-11-05 21:34:50.915] [jointLog] [info] Index contained 105833 targets
[2021-11-05 21:34:53.290] [jointLog] [info] Automatically detected most likely library type as IU
[2021-11-05 21:46:02.079] [jointLog] [info] Thread saw mini-batch with a maximum of 0.46% zero probability fragments
[2021-11-05 21:46:02.079] [jointLog] [info] Thread saw mini-batch with a maximum of 0.40% zero probability fragments
[2021-11-05 21:46:02.079] [jointLog] [info] Thread saw mini-batch with a maximum of 0.42% zero probability fragments
[2021-11-05 21:46:02.095] [jointLog] [info] Thread saw mini-batch with a maximum of 0.42% zero probability fragments
[2021-11-05 21:46:02.154] [jointLog] [info] Thread saw mini-batch with a maximum of 0.46% zero probability fragments
[2021-11-05 21:46:02.220] [jointLog] [info] Thread saw mini-batch with a maximum of 0.42% zero probability fragments
[2021-11-05 21:46:02.264] [jointLog] [info] Thread saw mini-batch with a maximum of 0.50% zero probability fragments
[2021-11-05 21:46:02.286] [jointLog] [info] Thread saw mini-batch with a maximum of 0.52% zero probability fragments
[2021-11-05 21:46:02.585] [jointLog] [info] Computed 154735 rich equivalence classes for further processing
[2021-11-05 21:46:02.585] [jointLog] [info] Counted 20460534 total reads in the equivalence classes 
[2021-11-05 21:46:02.594] [jointLog] [info] Mapping rate = 94.9637%

[2021-11-05 21:46:02.594] [jointLog] [info] finished quantifyLibrary()
[2021-11-05 21:46:02.689] [jointLog] [info] Starting optimizer
[2021-11-05 21:46:02.815] [jointLog] [info] Marked 0 weighted equivalence classes as degenerate
[2021-11-05 21:46:02.865] [jointLog] [info] iteration = 0 | max rel diff. = 113.23
[2021-11-05 21:46:02.587] [fileLog] [info] 
At end of round 0
==================
Observed 21545643 total fragments (21545643 in most recent round)

[2021-11-05 21:46:06.778] [jointLog] [info] iteration = 100 | max rel diff. = 0.122581
[2021-11-05 21:46:10.707] [jointLog] [info] iteration = 200 | max rel diff. = 0.0547604
[2021-11-05 21:46:14.725] [jointLog] [info] iteration = 300 | max rel diff. = 0.0349037
[2021-11-05 21:46:18.806] [jointLog] [info] iteration = 400 | max rel diff. = 0.0270661
[2021-11-05 21:46:22.952] [jointLog] [info] iteration = 500 | max rel diff. = 0.0233406
[2021-11-05 21:46:26.992] [jointLog] [info] iteration = 600 | max rel diff. = 0.0188938
[2021-11-05 21:46:30.977] [jointLog] [info] iteration = 700 | max rel diff. = 0.0153816
[2021-11-05 21:46:35.104] [jointLog] [info] iteration = 800 | max rel diff. = 0.0153816
[2021-11-05 21:46:39.283] [jointLog] [info] iteration = 900 | max rel diff. = 0.0122714
[2021-11-05 21:46:42.565] [jointLog] [info] iteration = 980 | max rel diff. = 0.0096406
[2021-11-05 21:46:42.586] [jointLog] [info] Finished optimizer
[2021-11-05 21:46:42.586] [jointLog] [info] writing output 

