[2022-07-15 18:30:57.895] [jointLog] [info] setting maxHashResizeThreads to 8
[2022-07-15 18:30:57.895] [jointLog] [info] Fragment incompatibility prior below threshold.  Incompatible fragments will be ignored.
[2022-07-15 18:30:57.895] [jointLog] [info] Usage of --validateMappings implies use of minScoreFraction. Since not explicitly specified, it is being set to 0.65
[2022-07-15 18:30:57.895] [jointLog] [info] Setting consensusSlack to selective-alignment default of 0.35.
[2022-07-15 18:30:57.895] [jointLog] [info] parsing read library format
[2022-07-15 18:30:57.895] [jointLog] [info] There is 1 library.
[2022-07-15 18:30:57.896] [jointLog] [info] Loading pufferfish index
[2022-07-15 18:30:57.897] [jointLog] [info] Loading dense pufferfish index.
[2022-07-15 18:30:58.740] [jointLog] [info] done
[2022-07-15 18:30:58.841] [jointLog] [info] Index contained 117,135 targets
[2022-07-15 18:31:00.544] [jointLog] [info] Number of decoys : 0
[2022-07-15 18:31:00.938] [jointLog] [info] Automatically detected most likely library type as IU

[2022-07-15 18:32:40.844] [fileLog] [info] 
At end of round 0
==================
Observed 28659249 total fragments (28659249 in most recent round)

[2022-07-15 18:32:40.844] [jointLog] [info] Computed 329,922 rich equivalence classes for further processing
[2022-07-15 18:32:40.844] [jointLog] [info] Counted 26,785,437 total reads in the equivalence classes 
[2022-07-15 18:32:40.850] [jointLog] [info] Number of mappings discarded because of alignment score : 8,367,932
[2022-07-15 18:32:40.850] [jointLog] [info] Number of fragments entirely discarded because of alignment score : 818,497
[2022-07-15 18:32:40.850] [jointLog] [info] Number of fragments discarded because they are best-mapped to decoys : 0
[2022-07-15 18:32:40.850] [jointLog] [info] Number of fragments discarded because they have only dovetail (discordant) mappings to valid targets : 510,317
[2022-07-15 18:32:40.850] [jointLog] [info] Mapping rate = 93.4618%

[2022-07-15 18:32:40.850] [jointLog] [info] finished quantifyLibrary()
[2022-07-15 18:32:40.853] [jointLog] [info] Starting optimizer
[2022-07-15 18:32:40.941] [jointLog] [info] Marked 0 weighted equivalence classes as degenerate
[2022-07-15 18:32:40.955] [jointLog] [info] iteration = 0 | max rel diff. = 10572.7
[2022-07-15 18:32:41.063] [jointLog] [info] iteration 11, adjusting effective lengths to account for biases
[2022-07-15 18:33:03.648] [jointLog] [info] Computed expected counts (for bias correction)
[2022-07-15 18:33:03.648] [jointLog] [info] processed bias for 0.0% of the transcripts
[2022-07-15 18:33:05.968] [jointLog] [info] processed bias for 10.0% of the transcripts
[2022-07-15 18:33:08.427] [jointLog] [info] processed bias for 20.0% of the transcripts
[2022-07-15 18:33:10.894] [jointLog] [info] processed bias for 30.0% of the transcripts
[2022-07-15 18:33:13.383] [jointLog] [info] processed bias for 40.0% of the transcripts
[2022-07-15 18:33:15.917] [jointLog] [info] processed bias for 50.0% of the transcripts
[2022-07-15 18:33:17.206] [jointLog] [info] processed bias for 60.0% of the transcripts
[2022-07-15 18:33:18.114] [jointLog] [info] processed bias for 70.0% of the transcripts
[2022-07-15 18:33:20.653] [jointLog] [info] processed bias for 80.0% of the transcripts
[2022-07-15 18:33:23.053] [jointLog] [info] processed bias for 90.0% of the transcripts
[2022-07-15 18:33:25.538] [jointLog] [info] processed bias for 100.0% of the transcripts
[2022-07-15 18:33:25.547] [jointLog] [info] processed bias for 100.0% of the transcripts
[2022-07-15 18:33:26.456] [jointLog] [info] iteration = 100 | max rel diff. = 19.6307
[2022-07-15 18:33:27.425] [jointLog] [info] iteration = 200 | max rel diff. = 9.51888
[2022-07-15 18:33:28.396] [jointLog] [info] iteration = 300 | max rel diff. = 4.8236
[2022-07-15 18:33:29.364] [jointLog] [info] iteration = 400 | max rel diff. = 5.68147
[2022-07-15 18:33:30.338] [jointLog] [info] iteration = 500 | max rel diff. = 1.0065
[2022-07-15 18:33:31.307] [jointLog] [info] iteration = 600 | max rel diff. = 1.71925
[2022-07-15 18:33:32.278] [jointLog] [info] iteration = 700 | max rel diff. = 0.604938
[2022-07-15 18:33:33.247] [jointLog] [info] iteration = 800 | max rel diff. = 0.0805426
[2022-07-15 18:33:34.217] [jointLog] [info] iteration = 900 | max rel diff. = 0.0901769
[2022-07-15 18:33:35.185] [jointLog] [info] iteration = 1,000 | max rel diff. = 0.162104
[2022-07-15 18:33:36.154] [jointLog] [info] iteration = 1,100 | max rel diff. = 0.276289
[2022-07-15 18:33:37.122] [jointLog] [info] iteration = 1,200 | max rel diff. = 4.74159
[2022-07-15 18:33:38.091] [jointLog] [info] iteration = 1,300 | max rel diff. = 0.070715
[2022-07-15 18:33:39.061] [jointLog] [info] iteration = 1,400 | max rel diff. = 0.200741
[2022-07-15 18:33:40.029] [jointLog] [info] iteration = 1,500 | max rel diff. = 0.121495
[2022-07-15 18:33:40.997] [jointLog] [info] iteration = 1,600 | max rel diff. = 0.125278
[2022-07-15 18:33:41.183] [jointLog] [info] iteration = 1,620 | max rel diff. = 0.00617167
[2022-07-15 18:33:41.200] [jointLog] [info] Finished optimizer
[2022-07-15 18:33:41.200] [jointLog] [info] writing output 

