[2022-09-28 10:58:45.027] [jointLog] [info] setting maxHashResizeThreads to 8
[2022-09-28 10:58:45.027] [jointLog] [info] Fragment incompatibility prior below threshold.  Incompatible fragments will be ignored.
[2022-09-28 10:58:45.027] [jointLog] [info] Usage of --validateMappings implies use of minScoreFraction. Since not explicitly specified, it is being set to 0.65
[2022-09-28 10:58:45.027] [jointLog] [info] Setting consensusSlack to selective-alignment default of 0.35.
[2022-09-28 10:58:45.027] [jointLog] [info] parsing read library format
[2022-09-28 10:58:45.027] [jointLog] [info] There is 1 library.
[2022-09-28 10:58:45.029] [jointLog] [info] Loading pufferfish index
[2022-09-28 10:58:45.029] [jointLog] [info] Loading dense pufferfish index.
[2022-09-28 10:59:43.316] [jointLog] [info] done
[2022-09-28 10:59:43.460] [jointLog] [info] Index contained 117,201 targets
[2022-09-28 10:59:46.416] [jointLog] [info] Number of decoys : 66
[2022-09-28 10:59:46.416] [jointLog] [info] First decoy index : 117,096 
[2022-09-28 10:59:47.380] [jointLog] [info] Automatically detected most likely library type as IU

[2022-09-28 11:03:39.519] [fileLog] [info] 
At end of round 0
==================
Observed 23880134 total fragments (23880134 in most recent round)

[2022-09-28 11:03:39.518] [jointLog] [info] Computed 274,677 rich equivalence classes for further processing
[2022-09-28 11:03:39.518] [jointLog] [info] Counted 22,080,041 total reads in the equivalence classes 
[2022-09-28 11:03:39.531] [jointLog] [info] Number of mappings discarded because of alignment score : 7,115,903
[2022-09-28 11:03:39.531] [jointLog] [info] Number of fragments entirely discarded because of alignment score : 800,100
[2022-09-28 11:03:39.531] [jointLog] [info] Number of fragments discarded because they are best-mapped to decoys : 362,264
[2022-09-28 11:03:39.531] [jointLog] [info] Number of fragments discarded because they have only dovetail (discordant) mappings to valid targets : 644,485
[2022-09-28 11:03:39.531] [jointLog] [info] Mapping rate = 92.462%

[2022-09-28 11:03:39.531] [jointLog] [info] finished quantifyLibrary()
[2022-09-28 11:03:39.537] [jointLog] [info] Starting optimizer
[2022-09-28 11:03:39.669] [jointLog] [info] Marked 0 weighted equivalence classes as degenerate
[2022-09-28 11:03:39.699] [jointLog] [info] iteration = 0 | max rel diff. = 10458.5
[2022-09-28 11:03:39.981] [jointLog] [info] iteration 11, adjusting effective lengths to account for biases
[2022-09-28 11:04:56.867] [jointLog] [info] Computed expected counts (for bias correction)
[2022-09-28 11:04:56.867] [jointLog] [info] processed bias for 0.0% of the transcripts
[2022-09-28 11:05:03.030] [jointLog] [info] processed bias for 10.0% of the transcripts
[2022-09-28 11:05:10.016] [jointLog] [info] processed bias for 20.0% of the transcripts
[2022-09-28 11:05:16.560] [jointLog] [info] processed bias for 30.0% of the transcripts
[2022-09-28 11:05:23.205] [jointLog] [info] processed bias for 40.0% of the transcripts
[2022-09-28 11:05:29.510] [jointLog] [info] processed bias for 50.0% of the transcripts
[2022-09-28 11:05:36.345] [jointLog] [info] processed bias for 60.0% of the transcripts
[2022-09-28 11:05:42.562] [jointLog] [info] processed bias for 70.0% of the transcripts
[2022-09-28 11:05:49.177] [jointLog] [info] processed bias for 80.0% of the transcripts
[2022-09-28 11:05:51.352] [jointLog] [info] processed bias for 90.0% of the transcripts
[2022-09-28 11:05:54.733] [jointLog] [info] processed bias for 100.0% of the transcripts
[2022-09-28 11:05:57.001] [jointLog] [info] iteration = 100 | max rel diff. = 16.8492
[2022-09-28 11:05:59.503] [jointLog] [info] iteration = 200 | max rel diff. = 6.96478
[2022-09-28 11:06:02.137] [jointLog] [info] iteration = 300 | max rel diff. = 9.54601
[2022-09-28 11:06:04.634] [jointLog] [info] iteration = 400 | max rel diff. = 2.81391
[2022-09-28 11:06:07.328] [jointLog] [info] iteration = 500 | max rel diff. = 1.51754
[2022-09-28 11:06:09.764] [jointLog] [info] iteration = 600 | max rel diff. = 1.20083
[2022-09-28 11:06:12.522] [jointLog] [info] iteration = 700 | max rel diff. = 3.91978
[2022-09-28 11:06:15.159] [jointLog] [info] iteration = 800 | max rel diff. = 0.4275
[2022-09-28 11:06:17.927] [jointLog] [info] iteration = 900 | max rel diff. = 1.61671
[2022-09-28 11:06:20.393] [jointLog] [info] iteration = 1,000 | max rel diff. = 0.155633
[2022-09-28 11:06:23.144] [jointLog] [info] iteration = 1,100 | max rel diff. = 0.0638882
[2022-09-28 11:06:23.971] [jointLog] [info] iteration = 1,131 | max rel diff. = 0.00725499
[2022-09-28 11:06:23.998] [jointLog] [info] Finished optimizer
[2022-09-28 11:06:23.998] [jointLog] [info] writing output 

