[2023-01-20 18:48:59.233] [jointLog] [info] setting maxHashResizeThreads to 8
[2023-01-20 18:48:59.233] [jointLog] [info] Fragment incompatibility prior below threshold.  Incompatible fragments will be ignored.
[2023-01-20 18:48:59.233] [jointLog] [info] Usage of --validateMappings implies use of minScoreFraction. Since not explicitly specified, it is being set to 0.65
[2023-01-20 18:48:59.233] [jointLog] [info] Setting consensusSlack to selective-alignment default of 0.35.
[2023-01-20 18:48:59.233] [jointLog] [info] parsing read library format
[2023-01-20 18:48:59.233] [jointLog] [info] There is 1 library.
[2023-01-20 18:48:59.259] [jointLog] [info] Loading pufferfish index
[2023-01-20 18:48:59.260] [jointLog] [info] Loading dense pufferfish index.
[2023-01-20 18:49:52.924] [jointLog] [info] done
[2023-01-20 18:49:53.073] [jointLog] [info] Index contained 117,201 targets
[2023-01-20 18:49:55.669] [jointLog] [info] Number of decoys : 66
[2023-01-20 18:49:55.669] [jointLog] [info] First decoy index : 117,096 
[2023-01-20 18:49:56.854] [jointLog] [info] Automatically detected most likely library type as IU

[2023-01-20 18:53:07.261] [fileLog] [info] 
At end of round 0
==================
Observed 21275978 total fragments (21275978 in most recent round)

[2023-01-20 18:53:07.260] [jointLog] [info] Computed 251,732 rich equivalence classes for further processing
[2023-01-20 18:53:07.260] [jointLog] [info] Counted 19,523,058 total reads in the equivalence classes 
[2023-01-20 18:53:07.278] [jointLog] [info] Number of mappings discarded because of alignment score : 6,098,520
[2023-01-20 18:53:07.278] [jointLog] [info] Number of fragments entirely discarded because of alignment score : 679,003
[2023-01-20 18:53:07.278] [jointLog] [info] Number of fragments discarded because they are best-mapped to decoys : 338,637
[2023-01-20 18:53:07.278] [jointLog] [info] Number of fragments discarded because they have only dovetail (discordant) mappings to valid targets : 393,856
[2023-01-20 18:53:07.278] [jointLog] [info] Mapping rate = 91.761%

[2023-01-20 18:53:07.278] [jointLog] [info] finished quantifyLibrary()
[2023-01-20 18:53:07.281] [jointLog] [info] Starting optimizer
[2023-01-20 18:53:07.410] [jointLog] [info] Marked 0 weighted equivalence classes as degenerate
[2023-01-20 18:53:07.436] [jointLog] [info] iteration = 0 | max rel diff. = 10117.4
[2023-01-20 18:53:07.675] [jointLog] [info] iteration 11, adjusting effective lengths to account for biases
[2023-01-20 18:54:10.817] [jointLog] [info] Computed expected counts (for bias correction)
[2023-01-20 18:54:10.818] [jointLog] [info] processed bias for 0.0% of the transcripts
[2023-01-20 18:54:16.106] [jointLog] [info] processed bias for 10.0% of the transcripts
[2023-01-20 18:54:22.088] [jointLog] [info] processed bias for 20.0% of the transcripts
[2023-01-20 18:54:27.773] [jointLog] [info] processed bias for 30.0% of the transcripts
[2023-01-20 18:54:33.345] [jointLog] [info] processed bias for 40.0% of the transcripts
[2023-01-20 18:54:38.911] [jointLog] [info] processed bias for 50.0% of the transcripts
[2023-01-20 18:54:44.589] [jointLog] [info] processed bias for 60.0% of the transcripts
[2023-01-20 18:54:49.563] [jointLog] [info] processed bias for 70.0% of the transcripts
[2023-01-20 18:54:50.936] [jointLog] [info] processed bias for 80.0% of the transcripts
[2023-01-20 18:54:55.277] [jointLog] [info] processed bias for 90.0% of the transcripts
[2023-01-20 18:55:00.988] [jointLog] [info] processed bias for 100.0% of the transcripts
[2023-01-20 18:55:03.184] [jointLog] [info] iteration = 100 | max rel diff. = 20.9539
[2023-01-20 18:55:05.668] [jointLog] [info] iteration = 200 | max rel diff. = 1.76979
[2023-01-20 18:55:08.149] [jointLog] [info] iteration = 300 | max rel diff. = 0.647607
[2023-01-20 18:55:10.651] [jointLog] [info] iteration = 400 | max rel diff. = 0.556856
[2023-01-20 18:55:13.079] [jointLog] [info] iteration = 500 | max rel diff. = 0.207928
[2023-01-20 18:55:15.504] [jointLog] [info] iteration = 600 | max rel diff. = 0.282779
[2023-01-20 18:55:17.938] [jointLog] [info] iteration = 700 | max rel diff. = 0.218695
[2023-01-20 18:55:20.398] [jointLog] [info] iteration = 800 | max rel diff. = 0.04836
[2023-01-20 18:55:22.826] [jointLog] [info] iteration = 900 | max rel diff. = 0.179914
[2023-01-20 18:55:25.281] [jointLog] [info] iteration = 1,000 | max rel diff. = 0.142193
[2023-01-20 18:55:27.741] [jointLog] [info] iteration = 1,100 | max rel diff. = 0.0421968
[2023-01-20 18:55:30.170] [jointLog] [info] iteration = 1,200 | max rel diff. = 0.0289242
[2023-01-20 18:55:32.628] [jointLog] [info] iteration = 1,300 | max rel diff. = 0.108555
[2023-01-20 18:55:35.093] [jointLog] [info] iteration = 1,400 | max rel diff. = 0.0619282
[2023-01-20 18:55:35.786] [jointLog] [info] iteration = 1,430 | max rel diff. = 0.00734843
[2023-01-20 18:55:35.808] [jointLog] [info] Finished optimizer
[2023-01-20 18:55:35.808] [jointLog] [info] writing output 

