[2021-11-05 23:10:06.517] [jointLog] [info] Fragment incompatibility prior below threshold.  Incompatible fragments will be ignored.
[2021-11-05 23:10:06.517] [jointLog] [info] parsing read library format
[2021-11-05 23:10:06.517] [jointLog] [info] There is 1 library.
[2021-11-05 23:10:06.749] [jointLog] [info] Loading Quasi index
[2021-11-05 23:10:06.749] [jointLog] [info] Loading 32-bit quasi index
[2021-11-05 23:10:17.636] [jointLog] [info] done
[2021-11-05 23:10:17.636] [jointLog] [info] Index contained 105833 targets
[2021-11-05 23:10:19.737] [jointLog] [info] Automatically detected most likely library type as IU
[2021-11-05 23:22:06.881] [jointLog] [info] Thread saw mini-batch with a maximum of 0.58% zero probability fragments
[2021-11-05 23:22:06.881] [jointLog] [info] Thread saw mini-batch with a maximum of 0.54% zero probability fragments
[2021-11-05 23:22:06.881] [jointLog] [info] Thread saw mini-batch with a maximum of 0.62% zero probability fragments
[2021-11-05 23:22:06.899] [jointLog] [info] Thread saw mini-batch with a maximum of 0.58% zero probability fragments
[2021-11-05 23:22:07.014] [jointLog] [info] Thread saw mini-batch with a maximum of 0.56% zero probability fragments
[2021-11-05 23:22:07.046] [jointLog] [info] Thread saw mini-batch with a maximum of 0.54% zero probability fragments
[2021-11-05 23:22:07.076] [jointLog] [info] Thread saw mini-batch with a maximum of 0.50% zero probability fragments
[2021-11-05 23:22:07.097] [jointLog] [info] Thread saw mini-batch with a maximum of 0.52% zero probability fragments
[2021-11-05 23:22:07.406] [jointLog] [info] Computed 158750 rich equivalence classes for further processing
[2021-11-05 23:22:07.406] [jointLog] [info] Counted 22470071 total reads in the equivalence classes 
[2021-11-05 23:22:07.415] [jointLog] [info] Mapping rate = 93.8294%

[2021-11-05 23:22:07.415] [jointLog] [info] finished quantifyLibrary()
[2021-11-05 23:22:07.520] [jointLog] [info] Starting optimizer
[2021-11-05 23:22:07.407] [fileLog] [info] 
At end of round 0
==================
Observed 23947783 total fragments (23947783 in most recent round)

[2021-11-05 23:22:12.429] [jointLog] [info] Marked 0 weighted equivalence classes as degenerate
[2021-11-05 23:22:12.479] [jointLog] [info] iteration = 0 | max rel diff. = 98.1738
[2021-11-05 23:22:16.872] [jointLog] [info] iteration = 100 | max rel diff. = 0.101902
[2021-11-05 23:22:21.274] [jointLog] [info] iteration = 200 | max rel diff. = 0.102736
[2021-11-05 23:22:25.780] [jointLog] [info] iteration = 300 | max rel diff. = 0.040238
[2021-11-05 23:22:30.283] [jointLog] [info] iteration = 400 | max rel diff. = 0.0260318
[2021-11-05 23:22:34.805] [jointLog] [info] iteration = 500 | max rel diff. = 0.0444888
[2021-11-05 23:22:39.315] [jointLog] [info] iteration = 600 | max rel diff. = 0.0202325
[2021-11-05 23:22:43.881] [jointLog] [info] iteration = 700 | max rel diff. = 0.0152359
[2021-11-05 23:22:48.408] [jointLog] [info] iteration = 800 | max rel diff. = 0.0153504
[2021-11-05 23:22:52.965] [jointLog] [info] iteration = 900 | max rel diff. = 0.0138862
[2021-11-05 23:22:57.542] [jointLog] [info] iteration = 1000 | max rel diff. = 0.0113179
[2021-11-05 23:23:02.129] [jointLog] [info] iteration = 1100 | max rel diff. = 0.00968745
[2021-11-05 23:23:02.129] [jointLog] [info] iteration = 1101 | max rel diff. = 0.00968745
[2021-11-05 23:23:02.162] [jointLog] [info] Finished optimizer
[2021-11-05 23:23:02.162] [jointLog] [info] writing output 

