[2022-09-28 12:26:57.601] [jointLog] [info] setting maxHashResizeThreads to 8
[2022-09-28 12:26:57.601] [jointLog] [info] Fragment incompatibility prior below threshold.  Incompatible fragments will be ignored.
[2022-09-28 12:26:57.601] [jointLog] [info] Usage of --validateMappings implies use of minScoreFraction. Since not explicitly specified, it is being set to 0.65
[2022-09-28 12:26:57.601] [jointLog] [info] Setting consensusSlack to selective-alignment default of 0.35.
[2022-09-28 12:26:57.601] [jointLog] [info] parsing read library format
[2022-09-28 12:26:57.601] [jointLog] [info] There is 1 library.
[2022-09-28 12:26:57.603] [jointLog] [info] Loading pufferfish index
[2022-09-28 12:26:57.604] [jointLog] [info] Loading dense pufferfish index.
[2022-09-28 12:27:56.890] [jointLog] [info] done
[2022-09-28 12:27:57.034] [jointLog] [info] Index contained 117,201 targets
[2022-09-28 12:27:59.983] [jointLog] [info] Number of decoys : 66
[2022-09-28 12:27:59.983] [jointLog] [info] First decoy index : 117,096 
[2022-09-28 12:28:01.058] [jointLog] [info] Automatically detected most likely library type as IU

[2022-09-28 12:32:05.343] [fileLog] [info] 
At end of round 0
==================
Observed 24093454 total fragments (24093454 in most recent round)

[2022-09-28 12:32:05.342] [jointLog] [info] Computed 262,658 rich equivalence classes for further processing
[2022-09-28 12:32:05.342] [jointLog] [info] Counted 22,339,032 total reads in the equivalence classes 
[2022-09-28 12:32:05.358] [jointLog] [info] Number of mappings discarded because of alignment score : 7,536,052
[2022-09-28 12:32:05.358] [jointLog] [info] Number of fragments entirely discarded because of alignment score : 791,765
[2022-09-28 12:32:05.358] [jointLog] [info] Number of fragments discarded because they are best-mapped to decoys : 310,661
[2022-09-28 12:32:05.358] [jointLog] [info] Number of fragments discarded because they have only dovetail (discordant) mappings to valid targets : 616,925
[2022-09-28 12:32:05.358] [jointLog] [info] Mapping rate = 92.7183%

[2022-09-28 12:32:05.358] [jointLog] [info] finished quantifyLibrary()
[2022-09-28 12:32:05.377] [jointLog] [info] Starting optimizer
[2022-09-28 12:32:05.515] [jointLog] [info] Marked 0 weighted equivalence classes as degenerate
[2022-09-28 12:32:05.547] [jointLog] [info] iteration = 0 | max rel diff. = 10518.4
[2022-09-28 12:32:05.825] [jointLog] [info] iteration 11, adjusting effective lengths to account for biases
[2022-09-28 12:33:20.213] [jointLog] [info] Computed expected counts (for bias correction)
[2022-09-28 12:33:20.214] [jointLog] [info] processed bias for 0.0% of the transcripts
[2022-09-28 12:33:26.247] [jointLog] [info] processed bias for 10.0% of the transcripts
[2022-09-28 12:33:32.707] [jointLog] [info] processed bias for 20.0% of the transcripts
[2022-09-28 12:33:39.017] [jointLog] [info] processed bias for 30.0% of the transcripts
[2022-09-28 12:33:41.511] [jointLog] [info] processed bias for 40.0% of the transcripts
[2022-09-28 12:33:45.037] [jointLog] [info] processed bias for 50.0% of the transcripts
[2022-09-28 12:33:51.765] [jointLog] [info] processed bias for 60.0% of the transcripts
[2022-09-28 12:33:58.272] [jointLog] [info] processed bias for 70.0% of the transcripts
[2022-09-28 12:34:04.832] [jointLog] [info] processed bias for 80.0% of the transcripts
[2022-09-28 12:34:11.588] [jointLog] [info] processed bias for 90.0% of the transcripts
[2022-09-28 12:34:18.336] [jointLog] [info] processed bias for 100.0% of the transcripts
[2022-09-28 12:34:18.362] [jointLog] [info] processed bias for 100.0% of the transcripts
[2022-09-28 12:34:20.944] [jointLog] [info] iteration = 100 | max rel diff. = 12.5749
[2022-09-28 12:34:23.792] [jointLog] [info] iteration = 200 | max rel diff. = 7.25443
[2022-09-28 12:34:26.663] [jointLog] [info] iteration = 300 | max rel diff. = 2.26658
[2022-09-28 12:34:29.502] [jointLog] [info] iteration = 400 | max rel diff. = 0.743419
[2022-09-28 12:34:32.324] [jointLog] [info] iteration = 500 | max rel diff. = 0.176118
[2022-09-28 12:34:35.163] [jointLog] [info] iteration = 600 | max rel diff. = 0.323286
[2022-09-28 12:34:38.015] [jointLog] [info] iteration = 700 | max rel diff. = 0.109396
[2022-09-28 12:34:40.852] [jointLog] [info] iteration = 800 | max rel diff. = 0.132257
[2022-09-28 12:34:43.682] [jointLog] [info] iteration = 900 | max rel diff. = 0.054295
[2022-09-28 12:34:46.491] [jointLog] [info] iteration = 1,000 | max rel diff. = 0.316926
[2022-09-28 12:34:49.287] [jointLog] [info] iteration = 1,100 | max rel diff. = 1.45428
[2022-09-28 12:34:52.108] [jointLog] [info] iteration = 1,200 | max rel diff. = 0.111848
[2022-09-28 12:34:52.388] [jointLog] [info] iteration = 1,211 | max rel diff. = 0.00728526
[2022-09-28 12:34:52.415] [jointLog] [info] Finished optimizer
[2022-09-28 12:34:52.415] [jointLog] [info] writing output 

