[2022-07-15 18:33:42.306] [jointLog] [info] setting maxHashResizeThreads to 8
[2022-07-15 18:33:42.306] [jointLog] [info] Fragment incompatibility prior below threshold.  Incompatible fragments will be ignored.
[2022-07-15 18:33:42.306] [jointLog] [info] Usage of --validateMappings implies use of minScoreFraction. Since not explicitly specified, it is being set to 0.65
[2022-07-15 18:33:42.306] [jointLog] [info] Setting consensusSlack to selective-alignment default of 0.35.
[2022-07-15 18:33:42.306] [jointLog] [info] parsing read library format
[2022-07-15 18:33:42.306] [jointLog] [info] There is 1 library.
[2022-07-15 18:33:42.307] [jointLog] [info] Loading pufferfish index
[2022-07-15 18:33:42.308] [jointLog] [info] Loading dense pufferfish index.
[2022-07-15 18:33:43.293] [jointLog] [info] done
[2022-07-15 18:33:43.393] [jointLog] [info] Index contained 117,135 targets
[2022-07-15 18:33:45.051] [jointLog] [info] Number of decoys : 0
[2022-07-15 18:33:45.448] [jointLog] [info] Automatically detected most likely library type as IU

[2022-07-15 18:35:12.234] [fileLog] [info] 
At end of round 0
==================
Observed 23880134 total fragments (23880134 in most recent round)

[2022-07-15 18:35:12.233] [jointLog] [info] Computed 314,014 rich equivalence classes for further processing
[2022-07-15 18:35:12.233] [jointLog] [info] Counted 22,230,642 total reads in the equivalence classes 
[2022-07-15 18:35:12.240] [jointLog] [info] Number of mappings discarded because of alignment score : 7,425,941
[2022-07-15 18:35:12.240] [jointLog] [info] Number of fragments entirely discarded because of alignment score : 658,740
[2022-07-15 18:35:12.240] [jointLog] [info] Number of fragments discarded because they are best-mapped to decoys : 0
[2022-07-15 18:35:12.240] [jointLog] [info] Number of fragments discarded because they have only dovetail (discordant) mappings to valid targets : 664,134
[2022-07-15 18:35:12.240] [jointLog] [info] Mapping rate = 93.0926%

[2022-07-15 18:35:12.240] [jointLog] [info] finished quantifyLibrary()
[2022-07-15 18:35:12.246] [jointLog] [info] Starting optimizer
[2022-07-15 18:35:12.331] [jointLog] [info] Marked 0 weighted equivalence classes as degenerate
[2022-07-15 18:35:12.344] [jointLog] [info] iteration = 0 | max rel diff. = 10476.1
[2022-07-15 18:35:12.450] [jointLog] [info] iteration 11, adjusting effective lengths to account for biases
[2022-07-15 18:35:34.793] [jointLog] [info] Computed expected counts (for bias correction)
[2022-07-15 18:35:34.794] [jointLog] [info] processed bias for 0.0% of the transcripts
[2022-07-15 18:35:37.061] [jointLog] [info] processed bias for 10.0% of the transcripts
[2022-07-15 18:35:39.459] [jointLog] [info] processed bias for 20.0% of the transcripts
[2022-07-15 18:35:41.920] [jointLog] [info] processed bias for 30.0% of the transcripts
[2022-07-15 18:35:44.371] [jointLog] [info] processed bias for 40.0% of the transcripts
[2022-07-15 18:35:46.820] [jointLog] [info] processed bias for 50.0% of the transcripts
[2022-07-15 18:35:48.267] [jointLog] [info] processed bias for 60.0% of the transcripts
[2022-07-15 18:35:48.936] [jointLog] [info] processed bias for 70.0% of the transcripts
[2022-07-15 18:35:51.386] [jointLog] [info] processed bias for 80.0% of the transcripts
[2022-07-15 18:35:53.753] [jointLog] [info] processed bias for 90.0% of the transcripts
[2022-07-15 18:35:56.073] [jointLog] [info] processed bias for 100.0% of the transcripts
[2022-07-15 18:35:56.919] [jointLog] [info] iteration = 100 | max rel diff. = 18.1624
[2022-07-15 18:35:57.850] [jointLog] [info] iteration = 200 | max rel diff. = 11.1773
[2022-07-15 18:35:58.780] [jointLog] [info] iteration = 300 | max rel diff. = 0.938243
[2022-07-15 18:35:59.712] [jointLog] [info] iteration = 400 | max rel diff. = 3.47982
[2022-07-15 18:36:00.644] [jointLog] [info] iteration = 500 | max rel diff. = 0.466489
[2022-07-15 18:36:01.575] [jointLog] [info] iteration = 600 | max rel diff. = 0.111229
[2022-07-15 18:36:02.506] [jointLog] [info] iteration = 700 | max rel diff. = 1.0996
[2022-07-15 18:36:03.437] [jointLog] [info] iteration = 800 | max rel diff. = 0.773327
[2022-07-15 18:36:04.367] [jointLog] [info] iteration = 900 | max rel diff. = 1.7235
[2022-07-15 18:36:05.297] [jointLog] [info] iteration = 1,000 | max rel diff. = 0.885202
[2022-07-15 18:36:06.228] [jointLog] [info] iteration = 1,100 | max rel diff. = 0.980931
[2022-07-15 18:36:07.160] [jointLog] [info] iteration = 1,200 | max rel diff. = 0.0162019
[2022-07-15 18:36:08.090] [jointLog] [info] iteration = 1,300 | max rel diff. = 0.0401969
[2022-07-15 18:36:09.023] [jointLog] [info] iteration = 1,400 | max rel diff. = 1.11091
[2022-07-15 18:36:09.954] [jointLog] [info] iteration = 1,500 | max rel diff. = 0.440767
[2022-07-15 18:36:09.982] [jointLog] [info] iteration = 1,504 | max rel diff. = 0.00504278
[2022-07-15 18:36:10.000] [jointLog] [info] Finished optimizer
[2022-07-15 18:36:10.000] [jointLog] [info] writing output 

