[2022-07-15 18:53:39.562] [jointLog] [info] setting maxHashResizeThreads to 8
[2022-07-15 18:53:39.562] [jointLog] [info] Fragment incompatibility prior below threshold.  Incompatible fragments will be ignored.
[2022-07-15 18:53:39.562] [jointLog] [info] Usage of --validateMappings implies use of minScoreFraction. Since not explicitly specified, it is being set to 0.65
[2022-07-15 18:53:39.562] [jointLog] [info] Setting consensusSlack to selective-alignment default of 0.35.
[2022-07-15 18:53:39.562] [jointLog] [info] parsing read library format
[2022-07-15 18:53:39.562] [jointLog] [info] There is 1 library.
[2022-07-15 18:53:39.563] [jointLog] [info] Loading pufferfish index
[2022-07-15 18:53:39.564] [jointLog] [info] Loading dense pufferfish index.
[2022-07-15 18:53:40.433] [jointLog] [info] done
[2022-07-15 18:53:40.522] [jointLog] [info] Index contained 117,135 targets
[2022-07-15 18:53:43.160] [jointLog] [info] Number of decoys : 0
[2022-07-15 18:53:43.764] [jointLog] [info] Automatically detected most likely library type as IU

[2022-07-15 18:55:11.764] [jointLog] [info] Computed 307,265 rich equivalence classes for further processing
[2022-07-15 18:55:11.764] [jointLog] [info] Counted 23,575,294 total reads in the equivalence classes 
[2022-07-15 18:55:11.771] [jointLog] [info] Number of mappings discarded because of alignment score : 6,952,642
[2022-07-15 18:55:11.771] [jointLog] [info] Number of fragments entirely discarded because of alignment score : 626,705
[2022-07-15 18:55:11.771] [jointLog] [info] Number of fragments discarded because they are best-mapped to decoys : 0
[2022-07-15 18:55:11.771] [jointLog] [info] Number of fragments discarded because they have only dovetail (discordant) mappings to valid targets : 549,290
[2022-07-15 18:55:11.771] [jointLog] [info] Mapping rate = 94.11%

[2022-07-15 18:55:11.771] [jointLog] [info] finished quantifyLibrary()
[2022-07-15 18:55:11.784] [jointLog] [info] Starting optimizer
[2022-07-15 18:55:11.765] [fileLog] [info] 
At end of round 0
==================
Observed 25050780 total fragments (25050780 in most recent round)

[2022-07-15 18:55:15.155] [jointLog] [info] Marked 0 weighted equivalence classes as degenerate
[2022-07-15 18:55:15.168] [jointLog] [info] iteration = 0 | max rel diff. = 10445.4
[2022-07-15 18:55:15.275] [jointLog] [info] iteration 11, adjusting effective lengths to account for biases
[2022-07-15 18:55:37.444] [jointLog] [info] Computed expected counts (for bias correction)
[2022-07-15 18:55:37.444] [jointLog] [info] processed bias for 0.0% of the transcripts
[2022-07-15 18:55:38.910] [jointLog] [info] processed bias for 10.0% of the transcripts
[2022-07-15 18:55:39.855] [jointLog] [info] processed bias for 20.0% of the transcripts
[2022-07-15 18:55:41.797] [jointLog] [info] processed bias for 30.0% of the transcripts
[2022-07-15 18:55:44.179] [jointLog] [info] processed bias for 40.0% of the transcripts
[2022-07-15 18:55:46.556] [jointLog] [info] processed bias for 50.0% of the transcripts
[2022-07-15 18:55:48.982] [jointLog] [info] processed bias for 60.0% of the transcripts
[2022-07-15 18:55:51.413] [jointLog] [info] processed bias for 70.0% of the transcripts
[2022-07-15 18:55:53.758] [jointLog] [info] processed bias for 80.0% of the transcripts
[2022-07-15 18:55:56.103] [jointLog] [info] processed bias for 90.0% of the transcripts
[2022-07-15 18:55:58.538] [jointLog] [info] processed bias for 100.0% of the transcripts
[2022-07-15 18:55:58.541] [jointLog] [info] processed bias for 100.0% of the transcripts
[2022-07-15 18:55:59.377] [jointLog] [info] iteration = 100 | max rel diff. = 17.1289
[2022-07-15 18:56:00.299] [jointLog] [info] iteration = 200 | max rel diff. = 12.5023
[2022-07-15 18:56:01.220] [jointLog] [info] iteration = 300 | max rel diff. = 0.826148
[2022-07-15 18:56:02.141] [jointLog] [info] iteration = 400 | max rel diff. = 3.71075
[2022-07-15 18:56:03.061] [jointLog] [info] iteration = 500 | max rel diff. = 0.14956
[2022-07-15 18:56:03.983] [jointLog] [info] iteration = 600 | max rel diff. = 1.38417
[2022-07-15 18:56:04.905] [jointLog] [info] iteration = 700 | max rel diff. = 0.145908
[2022-07-15 18:56:05.827] [jointLog] [info] iteration = 800 | max rel diff. = 0.0885329
[2022-07-15 18:56:06.747] [jointLog] [info] iteration = 900 | max rel diff. = 0.130614
[2022-07-15 18:56:07.671] [jointLog] [info] iteration = 1,000 | max rel diff. = 0.153824
[2022-07-15 18:56:08.591] [jointLog] [info] iteration = 1,100 | max rel diff. = 0.0381175
[2022-07-15 18:56:09.512] [jointLog] [info] iteration = 1,200 | max rel diff. = 0.0209852
[2022-07-15 18:56:10.433] [jointLog] [info] iteration = 1,300 | max rel diff. = 0.0359072
[2022-07-15 18:56:11.354] [jointLog] [info] iteration = 1,400 | max rel diff. = 0.0125928
[2022-07-15 18:56:12.091] [jointLog] [info] iteration = 1,481 | max rel diff. = 0.00854589
[2022-07-15 18:56:12.107] [jointLog] [info] Finished optimizer
[2022-07-15 18:56:12.107] [jointLog] [info] writing output 

