[2022-09-28 13:08:34.259] [jointLog] [info] setting maxHashResizeThreads to 8
[2022-09-28 13:08:34.259] [jointLog] [info] Fragment incompatibility prior below threshold.  Incompatible fragments will be ignored.
[2022-09-28 13:08:34.259] [jointLog] [info] Usage of --validateMappings implies use of minScoreFraction. Since not explicitly specified, it is being set to 0.65
[2022-09-28 13:08:34.259] [jointLog] [info] Setting consensusSlack to selective-alignment default of 0.35.
[2022-09-28 13:08:34.259] [jointLog] [info] parsing read library format
[2022-09-28 13:08:34.259] [jointLog] [info] There is 1 library.
[2022-09-28 13:08:34.263] [jointLog] [info] Loading pufferfish index
[2022-09-28 13:08:34.264] [jointLog] [info] Loading dense pufferfish index.
[2022-09-28 13:09:35.118] [jointLog] [info] done
[2022-09-28 13:09:35.244] [jointLog] [info] Index contained 117,201 targets
[2022-09-28 13:09:38.171] [jointLog] [info] Number of decoys : 66
[2022-09-28 13:09:38.171] [jointLog] [info] First decoy index : 117,096 
[2022-09-28 13:09:39.134] [jointLog] [info] Automatically detected most likely library type as IU

[2022-09-28 13:13:56.236] [fileLog] [info] 
At end of round 0
==================
Observed 25800917 total fragments (25800917 in most recent round)

[2022-09-28 13:13:56.235] [jointLog] [info] Computed 264,129 rich equivalence classes for further processing
[2022-09-28 13:13:56.235] [jointLog] [info] Counted 22,589,078 total reads in the equivalence classes 
[2022-09-28 13:13:56.252] [jointLog] [info] Number of mappings discarded because of alignment score : 7,433,203
[2022-09-28 13:13:56.252] [jointLog] [info] Number of fragments entirely discarded because of alignment score : 967,421
[2022-09-28 13:13:56.252] [jointLog] [info] Number of fragments discarded because they are best-mapped to decoys : 549,686
[2022-09-28 13:13:56.252] [jointLog] [info] Number of fragments discarded because they have only dovetail (discordant) mappings to valid targets : 561,510
[2022-09-28 13:13:56.252] [jointLog] [info] Mapping rate = 87.5515%

[2022-09-28 13:13:56.252] [jointLog] [info] finished quantifyLibrary()
[2022-09-28 13:13:56.284] [jointLog] [info] Starting optimizer
[2022-09-28 13:13:56.422] [jointLog] [info] Marked 0 weighted equivalence classes as degenerate
[2022-09-28 13:13:56.455] [jointLog] [info] iteration = 0 | max rel diff. = 10455.5
[2022-09-28 13:13:56.763] [jointLog] [info] iteration 11, adjusting effective lengths to account for biases
[2022-09-28 13:15:14.888] [jointLog] [info] Computed expected counts (for bias correction)
[2022-09-28 13:15:14.888] [jointLog] [info] processed bias for 0.0% of the transcripts
[2022-09-28 13:15:19.005] [jointLog] [info] processed bias for 10.0% of the transcripts
[2022-09-28 13:15:21.460] [jointLog] [info] processed bias for 20.0% of the transcripts
[2022-09-28 13:15:27.042] [jointLog] [info] processed bias for 30.0% of the transcripts
[2022-09-28 13:15:33.676] [jointLog] [info] processed bias for 40.0% of the transcripts
[2022-09-28 13:15:40.209] [jointLog] [info] processed bias for 50.0% of the transcripts
[2022-09-28 13:15:46.875] [jointLog] [info] processed bias for 60.0% of the transcripts
[2022-09-28 13:15:53.626] [jointLog] [info] processed bias for 70.0% of the transcripts
[2022-09-28 13:16:00.409] [jointLog] [info] processed bias for 80.0% of the transcripts
[2022-09-28 13:16:07.154] [jointLog] [info] processed bias for 90.0% of the transcripts
[2022-09-28 13:16:13.969] [jointLog] [info] processed bias for 100.0% of the transcripts
[2022-09-28 13:16:13.983] [jointLog] [info] processed bias for 100.0% of the transcripts
[2022-09-28 13:16:16.823] [jointLog] [info] iteration = 100 | max rel diff. = 17.2656
[2022-09-28 13:16:19.910] [jointLog] [info] iteration = 200 | max rel diff. = 6.16262
[2022-09-28 13:16:23.022] [jointLog] [info] iteration = 300 | max rel diff. = 1.49137
[2022-09-28 13:16:26.102] [jointLog] [info] iteration = 400 | max rel diff. = 0.636085
[2022-09-28 13:16:29.186] [jointLog] [info] iteration = 500 | max rel diff. = 0.162914
[2022-09-28 13:16:32.319] [jointLog] [info] iteration = 600 | max rel diff. = 0.659873
[2022-09-28 13:16:35.390] [jointLog] [info] iteration = 700 | max rel diff. = 0.0787197
[2022-09-28 13:16:38.449] [jointLog] [info] iteration = 800 | max rel diff. = 0.122859
[2022-09-28 13:16:41.511] [jointLog] [info] iteration = 900 | max rel diff. = 0.191855
[2022-09-28 13:16:44.603] [jointLog] [info] iteration = 1,000 | max rel diff. = 0.0421747
[2022-09-28 13:16:47.708] [jointLog] [info] iteration = 1,100 | max rel diff. = 0.0769143
[2022-09-28 13:16:50.795] [jointLog] [info] iteration = 1,200 | max rel diff. = 0.0250641
[2022-09-28 13:16:53.865] [jointLog] [info] iteration = 1,300 | max rel diff. = 0.0139189
[2022-09-28 13:16:56.977] [jointLog] [info] iteration = 1,400 | max rel diff. = 0.0193069
[2022-09-28 13:17:00.085] [jointLog] [info] iteration = 1,500 | max rel diff. = 0.535663
[2022-09-28 13:17:03.187] [jointLog] [info] iteration = 1,600 | max rel diff. = 0.0247504
[2022-09-28 13:17:06.280] [jointLog] [info] iteration = 1,700 | max rel diff. = 0.0988108
[2022-09-28 13:17:09.380] [jointLog] [info] iteration = 1,800 | max rel diff. = 0.0260913
[2022-09-28 13:17:12.475] [jointLog] [info] iteration = 1,900 | max rel diff. = 0.0655601
[2022-09-28 13:17:15.573] [jointLog] [info] iteration = 2,000 | max rel diff. = 0.0871573
[2022-09-28 13:17:18.664] [jointLog] [info] iteration = 2,100 | max rel diff. = 8.80554
[2022-09-28 13:17:18.695] [jointLog] [info] iteration = 2,102 | max rel diff. = 0.00613097
[2022-09-28 13:17:18.721] [jointLog] [info] Finished optimizer
[2022-09-28 13:17:18.721] [jointLog] [info] writing output 

