[2021-11-05 21:20:31.172] [jointLog] [info] Fragment incompatibility prior below threshold.  Incompatible fragments will be ignored.
[2021-11-05 21:20:31.172] [jointLog] [info] parsing read library format
[2021-11-05 21:20:31.172] [jointLog] [info] There is 1 library.
[2021-11-05 21:20:31.383] [jointLog] [info] Loading Quasi index
[2021-11-05 21:20:31.383] [jointLog] [info] Loading 32-bit quasi index
[2021-11-05 21:20:45.251] [jointLog] [info] done
[2021-11-05 21:20:45.251] [jointLog] [info] Index contained 105833 targets
[2021-11-05 21:20:47.860] [jointLog] [info] Automatically detected most likely library type as IU
[2021-11-05 21:33:43.977] [jointLog] [info] Thread saw mini-batch with a maximum of 0.56% zero probability fragments
[2021-11-05 21:33:43.977] [jointLog] [info] Thread saw mini-batch with a maximum of 0.56% zero probability fragments
[2021-11-05 21:33:43.977] [jointLog] [info] Thread saw mini-batch with a maximum of 0.58% zero probability fragments
[2021-11-05 21:33:44.071] [jointLog] [info] Thread saw mini-batch with a maximum of 0.56% zero probability fragments
[2021-11-05 21:33:44.077] [jointLog] [info] Thread saw mini-batch with a maximum of 0.58% zero probability fragments
[2021-11-05 21:33:44.209] [jointLog] [info] Thread saw mini-batch with a maximum of 0.54% zero probability fragments
[2021-11-05 21:33:44.255] [jointLog] [info] Thread saw mini-batch with a maximum of 0.52% zero probability fragments
[2021-11-05 21:33:44.285] [jointLog] [info] Thread saw mini-batch with a maximum of 0.58% zero probability fragments
[2021-11-05 21:33:44.643] [jointLog] [info] Computed 154550 rich equivalence classes for further processing
[2021-11-05 21:33:44.643] [jointLog] [info] Counted 22802024 total reads in the equivalence classes 
[2021-11-05 21:33:44.653] [jointLog] [info] Mapping rate = 95.0632%

[2021-11-05 21:33:44.653] [jointLog] [info] finished quantifyLibrary()
[2021-11-05 21:33:44.774] [jointLog] [info] Starting optimizer
[2021-11-05 21:33:44.924] [jointLog] [info] Marked 0 weighted equivalence classes as degenerate
[2021-11-05 21:33:44.981] [jointLog] [info] iteration = 0 | max rel diff. = 104.441
[2021-11-05 21:33:44.644] [fileLog] [info] 
At end of round 0
==================
Observed 23986183 total fragments (23986183 in most recent round)

[2021-11-05 21:33:49.650] [jointLog] [info] iteration = 100 | max rel diff. = 0.0993261
[2021-11-05 21:33:54.376] [jointLog] [info] iteration = 200 | max rel diff. = 0.0505665
[2021-11-05 21:33:59.247] [jointLog] [info] iteration = 300 | max rel diff. = 0.0864957
[2021-11-05 21:34:04.356] [jointLog] [info] iteration = 400 | max rel diff. = 0.0258865
[2021-11-05 21:34:09.241] [jointLog] [info] iteration = 500 | max rel diff. = 0.023715
[2021-11-05 21:34:14.053] [jointLog] [info] iteration = 600 | max rel diff. = 0.0181899
[2021-11-05 21:34:18.861] [jointLog] [info] iteration = 700 | max rel diff. = 0.0147294
[2021-11-05 21:34:23.619] [jointLog] [info] iteration = 800 | max rel diff. = 0.0134949
[2021-11-05 21:34:28.528] [jointLog] [info] iteration = 900 | max rel diff. = 0.0134949
[2021-11-05 21:34:33.463] [jointLog] [info] iteration = 1000 | max rel diff. = 0.0203044
[2021-11-05 21:34:35.934] [jointLog] [info] iteration = 1051 | max rel diff. = 0.00926185
[2021-11-05 21:34:35.957] [jointLog] [info] Finished optimizer
[2021-11-05 21:34:35.957] [jointLog] [info] writing output 

