[2023-01-20 16:48:13.994] [jointLog] [info] setting maxHashResizeThreads to 8
[2023-01-20 16:48:13.994] [jointLog] [info] Fragment incompatibility prior below threshold.  Incompatible fragments will be ignored.
[2023-01-20 16:48:13.994] [jointLog] [info] Usage of --validateMappings implies use of minScoreFraction. Since not explicitly specified, it is being set to 0.65
[2023-01-20 16:48:13.994] [jointLog] [info] Setting consensusSlack to selective-alignment default of 0.35.
[2023-01-20 16:48:13.994] [jointLog] [info] parsing read library format
[2023-01-20 16:48:13.994] [jointLog] [info] There is 1 library.
[2023-01-20 16:48:13.997] [jointLog] [info] Loading pufferfish index
[2023-01-20 16:48:13.997] [jointLog] [info] Loading dense pufferfish index.
[2023-01-20 16:49:08.349] [jointLog] [info] done
[2023-01-20 16:49:08.458] [jointLog] [info] Index contained 117,201 targets
[2023-01-20 16:49:10.741] [jointLog] [info] Number of decoys : 66
[2023-01-20 16:49:10.741] [jointLog] [info] First decoy index : 117,096 
[2023-01-20 16:49:11.668] [jointLog] [info] Automatically detected most likely library type as IU

[2023-01-20 16:52:37.743] [fileLog] [info] 
At end of round 0
==================
Observed 23211370 total fragments (23211370 in most recent round)

[2023-01-20 16:52:37.742] [jointLog] [info] Computed 253,706 rich equivalence classes for further processing
[2023-01-20 16:52:37.742] [jointLog] [info] Counted 20,646,679 total reads in the equivalence classes 
[2023-01-20 16:52:37.754] [jointLog] [info] Number of mappings discarded because of alignment score : 6,266,982
[2023-01-20 16:52:37.754] [jointLog] [info] Number of fragments entirely discarded because of alignment score : 764,996
[2023-01-20 16:52:37.755] [jointLog] [info] Number of fragments discarded because they are best-mapped to decoys : 364,535
[2023-01-20 16:52:37.755] [jointLog] [info] Number of fragments discarded because they have only dovetail (discordant) mappings to valid targets : 340,867
[2023-01-20 16:52:37.755] [jointLog] [info] Mapping rate = 88.9507%

[2023-01-20 16:52:37.755] [jointLog] [info] finished quantifyLibrary()
[2023-01-20 16:52:37.758] [jointLog] [info] Starting optimizer
[2023-01-20 16:52:37.875] [jointLog] [info] Marked 0 weighted equivalence classes as degenerate
[2023-01-20 16:52:37.904] [jointLog] [info] iteration = 0 | max rel diff. = 10309.7
[2023-01-20 16:52:38.164] [jointLog] [info] iteration 11, adjusting effective lengths to account for biases
[2023-01-20 16:53:43.486] [jointLog] [info] Computed expected counts (for bias correction)
[2023-01-20 16:53:43.486] [jointLog] [info] processed bias for 0.0% of the transcripts
[2023-01-20 16:53:48.894] [jointLog] [info] processed bias for 10.0% of the transcripts
[2023-01-20 16:53:54.691] [jointLog] [info] processed bias for 20.0% of the transcripts
[2023-01-20 16:54:00.343] [jointLog] [info] processed bias for 30.0% of the transcripts
[2023-01-20 16:54:06.148] [jointLog] [info] processed bias for 40.0% of the transcripts
[2023-01-20 16:54:11.831] [jointLog] [info] processed bias for 50.0% of the transcripts
[2023-01-20 16:54:16.348] [jointLog] [info] processed bias for 60.0% of the transcripts
[2023-01-20 16:54:17.605] [jointLog] [info] processed bias for 70.0% of the transcripts
[2023-01-20 16:54:22.799] [jointLog] [info] processed bias for 80.0% of the transcripts
[2023-01-20 16:54:28.347] [jointLog] [info] processed bias for 90.0% of the transcripts
[2023-01-20 16:54:33.979] [jointLog] [info] processed bias for 100.0% of the transcripts
[2023-01-20 16:54:34.013] [jointLog] [info] processed bias for 100.0% of the transcripts
[2023-01-20 16:54:36.303] [jointLog] [info] iteration = 100 | max rel diff. = 20.8508
[2023-01-20 16:54:38.731] [jointLog] [info] iteration = 200 | max rel diff. = 7.83569
[2023-01-20 16:54:41.124] [jointLog] [info] iteration = 300 | max rel diff. = 11.6367
[2023-01-20 16:54:43.550] [jointLog] [info] iteration = 400 | max rel diff. = 0.252567
[2023-01-20 16:54:45.925] [jointLog] [info] iteration = 500 | max rel diff. = 1.0834
[2023-01-20 16:54:48.298] [jointLog] [info] iteration = 600 | max rel diff. = 0.0992907
[2023-01-20 16:54:50.681] [jointLog] [info] iteration = 700 | max rel diff. = 0.14359
[2023-01-20 16:54:53.080] [jointLog] [info] iteration = 800 | max rel diff. = 0.141454
[2023-01-20 16:54:55.438] [jointLog] [info] iteration = 900 | max rel diff. = 0.277897
[2023-01-20 16:54:57.791] [jointLog] [info] iteration = 1,000 | max rel diff. = 0.12228
[2023-01-20 16:55:00.189] [jointLog] [info] iteration = 1,100 | max rel diff. = 0.0749721
[2023-01-20 16:55:02.546] [jointLog] [info] iteration = 1,200 | max rel diff. = 0.0482325
[2023-01-20 16:55:05.090] [jointLog] [info] iteration = 1,300 | max rel diff. = 0.0206983
[2023-01-20 16:55:07.672] [jointLog] [info] iteration = 1,400 | max rel diff. = 0.0445059
[2023-01-20 16:55:10.299] [jointLog] [info] iteration = 1,500 | max rel diff. = 0.11756
[2023-01-20 16:55:12.566] [jointLog] [info] iteration = 1,588 | max rel diff. = 0.00490229
[2023-01-20 16:55:12.589] [jointLog] [info] Finished optimizer
[2023-01-20 16:55:12.589] [jointLog] [info] writing output 

