[2022-09-28 12:59:58.140] [jointLog] [info] setting maxHashResizeThreads to 8
[2022-09-28 12:59:58.140] [jointLog] [info] Fragment incompatibility prior below threshold.  Incompatible fragments will be ignored.
[2022-09-28 12:59:58.140] [jointLog] [info] Usage of --validateMappings implies use of minScoreFraction. Since not explicitly specified, it is being set to 0.65
[2022-09-28 12:59:58.140] [jointLog] [info] Setting consensusSlack to selective-alignment default of 0.35.
[2022-09-28 12:59:58.140] [jointLog] [info] parsing read library format
[2022-09-28 12:59:58.140] [jointLog] [info] There is 1 library.
[2022-09-28 12:59:58.142] [jointLog] [info] Loading pufferfish index
[2022-09-28 12:59:58.143] [jointLog] [info] Loading dense pufferfish index.
[2022-09-28 13:00:58.921] [jointLog] [info] done
[2022-09-28 13:00:59.053] [jointLog] [info] Index contained 117,201 targets
[2022-09-28 13:01:02.010] [jointLog] [info] Number of decoys : 66
[2022-09-28 13:01:02.010] [jointLog] [info] First decoy index : 117,096 
[2022-09-28 13:01:03.397] [jointLog] [info] Automatically detected most likely library type as IU

[2022-09-28 13:05:37.953] [jointLog] [info] Computed 274,414 rich equivalence classes for further processing
[2022-09-28 13:05:37.953] [jointLog] [info] Counted 24,195,996 total reads in the equivalence classes 
[2022-09-28 13:05:37.968] [jointLog] [info] Number of mappings discarded because of alignment score : 7,997,476
[2022-09-28 13:05:37.969] [jointLog] [info] Number of fragments entirely discarded because of alignment score : 1,035,880
[2022-09-28 13:05:37.969] [jointLog] [info] Number of fragments discarded because they are best-mapped to decoys : 575,811
[2022-09-28 13:05:37.969] [jointLog] [info] Number of fragments discarded because they have only dovetail (discordant) mappings to valid targets : 548,952
[2022-09-28 13:05:37.969] [jointLog] [info] Mapping rate = 88.066%

[2022-09-28 13:05:37.969] [jointLog] [info] finished quantifyLibrary()
[2022-09-28 13:05:37.988] [jointLog] [info] Starting optimizer
[2022-09-28 13:05:38.127] [jointLog] [info] Marked 0 weighted equivalence classes as degenerate
[2022-09-28 13:05:38.158] [jointLog] [info] iteration = 0 | max rel diff. = 10520.8
[2022-09-28 13:05:37.953] [fileLog] [info] 
At end of round 0
==================
Observed 27474835 total fragments (27474835 in most recent round)

[2022-09-28 13:05:38.455] [jointLog] [info] iteration 11, adjusting effective lengths to account for biases
[2022-09-28 13:06:52.823] [jointLog] [info] Computed expected counts (for bias correction)
[2022-09-28 13:06:52.823] [jointLog] [info] processed bias for 0.0% of the transcripts
[2022-09-28 13:06:58.911] [jointLog] [info] processed bias for 10.0% of the transcripts
[2022-09-28 13:07:05.576] [jointLog] [info] processed bias for 20.0% of the transcripts
[2022-09-28 13:07:12.340] [jointLog] [info] processed bias for 30.0% of the transcripts
[2022-09-28 13:07:18.848] [jointLog] [info] processed bias for 40.0% of the transcripts
[2022-09-28 13:07:25.655] [jointLog] [info] processed bias for 50.0% of the transcripts
[2022-09-28 13:07:32.360] [jointLog] [info] processed bias for 60.0% of the transcripts
[2022-09-28 13:07:38.865] [jointLog] [info] processed bias for 70.0% of the transcripts
[2022-09-28 13:07:44.716] [jointLog] [info] processed bias for 80.0% of the transcripts
[2022-09-28 13:07:46.933] [jointLog] [info] processed bias for 90.0% of the transcripts
[2022-09-28 13:07:51.623] [jointLog] [info] processed bias for 100.0% of the transcripts
[2022-09-28 13:07:51.630] [jointLog] [info] processed bias for 100.0% of the transcripts
[2022-09-28 13:07:54.322] [jointLog] [info] iteration = 100 | max rel diff. = 17.1865
[2022-09-28 13:07:57.243] [jointLog] [info] iteration = 200 | max rel diff. = 5.90727
[2022-09-28 13:08:00.187] [jointLog] [info] iteration = 300 | max rel diff. = 0.642293
[2022-09-28 13:08:03.130] [jointLog] [info] iteration = 400 | max rel diff. = 5.82132
[2022-09-28 13:08:06.065] [jointLog] [info] iteration = 500 | max rel diff. = 0.0985372
[2022-09-28 13:08:08.995] [jointLog] [info] iteration = 600 | max rel diff. = 0.194638
[2022-09-28 13:08:11.940] [jointLog] [info] iteration = 700 | max rel diff. = 0.0980253
[2022-09-28 13:08:14.880] [jointLog] [info] iteration = 800 | max rel diff. = 1.36077
[2022-09-28 13:08:17.825] [jointLog] [info] iteration = 900 | max rel diff. = 0.0435643
[2022-09-28 13:08:20.807] [jointLog] [info] iteration = 1,000 | max rel diff. = 0.0798097
[2022-09-28 13:08:23.783] [jointLog] [info] iteration = 1,100 | max rel diff. = 0.0705147
[2022-09-28 13:08:26.720] [jointLog] [info] iteration = 1,200 | max rel diff. = 0.747011
[2022-09-28 13:08:28.042] [jointLog] [info] iteration = 1,246 | max rel diff. = 0.00970036
[2022-09-28 13:08:28.069] [jointLog] [info] Finished optimizer
[2022-09-28 13:08:28.069] [jointLog] [info] writing output 

