[2022-07-15 19:06:26.326] [jointLog] [info] setting maxHashResizeThreads to 8
[2022-07-15 19:06:26.326] [jointLog] [info] Fragment incompatibility prior below threshold.  Incompatible fragments will be ignored.
[2022-07-15 19:06:26.326] [jointLog] [info] Usage of --validateMappings implies use of minScoreFraction. Since not explicitly specified, it is being set to 0.65
[2022-07-15 19:06:26.326] [jointLog] [info] Setting consensusSlack to selective-alignment default of 0.35.
[2022-07-15 19:06:26.326] [jointLog] [info] parsing read library format
[2022-07-15 19:06:26.326] [jointLog] [info] There is 1 library.
[2022-07-15 19:06:26.327] [jointLog] [info] Loading pufferfish index
[2022-07-15 19:06:26.328] [jointLog] [info] Loading dense pufferfish index.
[2022-07-15 19:06:27.192] [jointLog] [info] done
[2022-07-15 19:06:27.288] [jointLog] [info] Index contained 117,135 targets
[2022-07-15 19:06:29.014] [jointLog] [info] Number of decoys : 0
[2022-07-15 19:06:29.402] [jointLog] [info] Automatically detected most likely library type as IU

[2022-07-15 19:08:06.527] [jointLog] [info] Computed 322,878 rich equivalence classes for further processing
[2022-07-15 19:08:06.527] [jointLog] [info] Counted 25,137,553 total reads in the equivalence classes 
[2022-07-15 19:08:06.533] [jointLog] [info] Number of mappings discarded because of alignment score : 8,186,546
[2022-07-15 19:08:06.533] [jointLog] [info] Number of fragments entirely discarded because of alignment score : 749,518
[2022-07-15 19:08:06.533] [jointLog] [info] Number of fragments discarded because they are best-mapped to decoys : 0
[2022-07-15 19:08:06.533] [jointLog] [info] Number of fragments discarded because they have only dovetail (discordant) mappings to valid targets : 568,269
[2022-07-15 19:08:06.533] [jointLog] [info] Mapping rate = 92.9493%

[2022-07-15 19:08:06.533] [jointLog] [info] finished quantifyLibrary()
[2022-07-15 19:08:06.537] [jointLog] [info] Starting optimizer
[2022-07-15 19:08:06.625] [jointLog] [info] Marked 0 weighted equivalence classes as degenerate
[2022-07-15 19:08:06.638] [jointLog] [info] iteration = 0 | max rel diff. = 10665.1
[2022-07-15 19:08:06.747] [jointLog] [info] iteration 11, adjusting effective lengths to account for biases
[2022-07-15 19:08:06.527] [fileLog] [info] 
At end of round 0
==================
Observed 27044370 total fragments (27044370 in most recent round)

[2022-07-15 19:08:30.025] [jointLog] [info] Computed expected counts (for bias correction)
[2022-07-15 19:08:30.025] [jointLog] [info] processed bias for 0.0% of the transcripts
[2022-07-15 19:08:32.368] [jointLog] [info] processed bias for 10.0% of the transcripts
[2022-07-15 19:08:34.933] [jointLog] [info] processed bias for 20.0% of the transcripts
[2022-07-15 19:08:36.902] [jointLog] [info] processed bias for 30.0% of the transcripts
[2022-07-15 19:08:37.905] [jointLog] [info] processed bias for 40.0% of the transcripts
[2022-07-15 19:08:39.672] [jointLog] [info] processed bias for 50.0% of the transcripts
[2022-07-15 19:08:42.161] [jointLog] [info] processed bias for 60.0% of the transcripts
[2022-07-15 19:08:44.784] [jointLog] [info] processed bias for 70.0% of the transcripts
[2022-07-15 19:08:47.258] [jointLog] [info] processed bias for 80.0% of the transcripts
[2022-07-15 19:08:49.766] [jointLog] [info] processed bias for 90.0% of the transcripts
[2022-07-15 19:08:52.264] [jointLog] [info] processed bias for 100.0% of the transcripts
[2022-07-15 19:08:52.269] [jointLog] [info] processed bias for 100.0% of the transcripts
[2022-07-15 19:08:53.128] [jointLog] [info] iteration = 100 | max rel diff. = 20.6336
[2022-07-15 19:08:54.075] [jointLog] [info] iteration = 200 | max rel diff. = 12.4047
[2022-07-15 19:08:55.022] [jointLog] [info] iteration = 300 | max rel diff. = 5.51448
[2022-07-15 19:08:55.967] [jointLog] [info] iteration = 400 | max rel diff. = 1.22485
[2022-07-15 19:08:56.912] [jointLog] [info] iteration = 500 | max rel diff. = 0.828704
[2022-07-15 19:08:57.856] [jointLog] [info] iteration = 600 | max rel diff. = 0.17132
[2022-07-15 19:08:58.803] [jointLog] [info] iteration = 700 | max rel diff. = 0.470682
[2022-07-15 19:08:59.747] [jointLog] [info] iteration = 800 | max rel diff. = 0.0974494
[2022-07-15 19:09:00.691] [jointLog] [info] iteration = 900 | max rel diff. = 11.9285
[2022-07-15 19:09:01.637] [jointLog] [info] iteration = 1,000 | max rel diff. = 0.244309
[2022-07-15 19:09:02.581] [jointLog] [info] iteration = 1,100 | max rel diff. = 0.08737
[2022-07-15 19:09:03.525] [jointLog] [info] iteration = 1,200 | max rel diff. = 0.0287588
[2022-07-15 19:09:04.393] [jointLog] [info] iteration = 1,293 | max rel diff. = 0.00702929
[2022-07-15 19:09:04.410] [jointLog] [info] Finished optimizer
[2022-07-15 19:09:04.410] [jointLog] [info] writing output 

