[2023-01-20 15:59:24.301] [jointLog] [info] setting maxHashResizeThreads to 8
[2023-01-20 15:59:24.301] [jointLog] [info] Fragment incompatibility prior below threshold.  Incompatible fragments will be ignored.
[2023-01-20 15:59:24.301] [jointLog] [info] Usage of --validateMappings implies use of minScoreFraction. Since not explicitly specified, it is being set to 0.65
[2023-01-20 15:59:24.301] [jointLog] [info] Setting consensusSlack to selective-alignment default of 0.35.
[2023-01-20 15:59:24.301] [jointLog] [info] parsing read library format
[2023-01-20 15:59:24.301] [jointLog] [info] There is 1 library.
[2023-01-20 15:59:24.303] [jointLog] [info] Loading pufferfish index
[2023-01-20 15:59:24.304] [jointLog] [info] Loading dense pufferfish index.
[2023-01-20 16:00:25.359] [jointLog] [info] done
[2023-01-20 16:00:25.480] [jointLog] [info] Index contained 117,201 targets
[2023-01-20 16:00:28.049] [jointLog] [info] Number of decoys : 66
[2023-01-20 16:00:28.049] [jointLog] [info] First decoy index : 117,096 
[2023-01-20 16:00:29.118] [jointLog] [info] Automatically detected most likely library type as IU

[2023-01-20 16:03:10.667] [jointLog] [info] Computed 229,544 rich equivalence classes for further processing
[2023-01-20 16:03:10.667] [jointLog] [info] Counted 14,794,417 total reads in the equivalence classes 
[2023-01-20 16:03:10.693] [jointLog] [info] Number of mappings discarded because of alignment score : 4,498,907
[2023-01-20 16:03:10.693] [jointLog] [info] Number of fragments entirely discarded because of alignment score : 533,132
[2023-01-20 16:03:10.693] [jointLog] [info] Number of fragments discarded because they are best-mapped to decoys : 258,430
[2023-01-20 16:03:10.693] [jointLog] [info] Number of fragments discarded because they have only dovetail (discordant) mappings to valid targets : 277,156
[2023-01-20 16:03:10.693] [jointLog] [info] Mapping rate = 89.5045%

[2023-01-20 16:03:10.693] [jointLog] [info] finished quantifyLibrary()
[2023-01-20 16:03:10.668] [fileLog] [info] 
At end of round 0
==================
Observed 16529252 total fragments (16529252 in most recent round)

[2023-01-20 16:03:11.949] [jointLog] [info] Starting optimizer
[2023-01-20 16:03:12.077] [jointLog] [info] Marked 0 weighted equivalence classes as degenerate
[2023-01-20 16:03:12.107] [jointLog] [info] iteration = 0 | max rel diff. = 8798.78
[2023-01-20 16:03:12.348] [jointLog] [info] iteration 11, adjusting effective lengths to account for biases
[2023-01-20 16:04:19.664] [jointLog] [info] Computed expected counts (for bias correction)
[2023-01-20 16:04:19.665] [jointLog] [info] processed bias for 0.0% of the transcripts
[2023-01-20 16:04:25.091] [jointLog] [info] processed bias for 10.0% of the transcripts
[2023-01-20 16:04:31.173] [jointLog] [info] processed bias for 20.0% of the transcripts
[2023-01-20 16:04:36.052] [jointLog] [info] processed bias for 30.0% of the transcripts
[2023-01-20 16:04:37.918] [jointLog] [info] processed bias for 40.0% of the transcripts
[2023-01-20 16:04:42.530] [jointLog] [info] processed bias for 50.0% of the transcripts
[2023-01-20 16:04:48.658] [jointLog] [info] processed bias for 60.0% of the transcripts
[2023-01-20 16:04:54.522] [jointLog] [info] processed bias for 70.0% of the transcripts
[2023-01-20 16:05:00.413] [jointLog] [info] processed bias for 80.0% of the transcripts
[2023-01-20 16:05:06.561] [jointLog] [info] processed bias for 90.0% of the transcripts
[2023-01-20 16:05:12.508] [jointLog] [info] processed bias for 100.0% of the transcripts
[2023-01-20 16:05:14.739] [jointLog] [info] iteration = 100 | max rel diff. = 16.8768
[2023-01-20 16:05:17.130] [jointLog] [info] iteration = 200 | max rel diff. = 1.07664
[2023-01-20 16:05:19.516] [jointLog] [info] iteration = 300 | max rel diff. = 2.76688
[2023-01-20 16:05:21.905] [jointLog] [info] iteration = 400 | max rel diff. = 0.103929
[2023-01-20 16:05:24.311] [jointLog] [info] iteration = 500 | max rel diff. = 0.999518
[2023-01-20 16:05:26.709] [jointLog] [info] iteration = 600 | max rel diff. = 0.235017
[2023-01-20 16:05:29.092] [jointLog] [info] iteration = 700 | max rel diff. = 4.57037
[2023-01-20 16:05:31.464] [jointLog] [info] iteration = 800 | max rel diff. = 0.337536
[2023-01-20 16:05:33.844] [jointLog] [info] iteration = 900 | max rel diff. = 0.0351067
[2023-01-20 16:05:36.225] [jointLog] [info] iteration = 1,000 | max rel diff. = 0.0682893
[2023-01-20 16:05:38.606] [jointLog] [info] iteration = 1,100 | max rel diff. = 0.0967561
[2023-01-20 16:05:39.122] [jointLog] [info] iteration = 1,123 | max rel diff. = 0.00626247
[2023-01-20 16:05:39.151] [jointLog] [info] Finished optimizer
[2023-01-20 16:05:39.151] [jointLog] [info] writing output 

