[2023-01-20 16:34:11.920] [jointLog] [info] setting maxHashResizeThreads to 8
[2023-01-20 16:34:11.920] [jointLog] [info] Fragment incompatibility prior below threshold.  Incompatible fragments will be ignored.
[2023-01-20 16:34:11.920] [jointLog] [info] Usage of --validateMappings implies use of minScoreFraction. Since not explicitly specified, it is being set to 0.65
[2023-01-20 16:34:11.920] [jointLog] [info] Setting consensusSlack to selective-alignment default of 0.35.
[2023-01-20 16:34:11.921] [jointLog] [info] parsing read library format
[2023-01-20 16:34:11.921] [jointLog] [info] There is 1 library.
[2023-01-20 16:34:11.924] [jointLog] [info] Loading pufferfish index
[2023-01-20 16:34:11.925] [jointLog] [info] Loading dense pufferfish index.
[2023-01-20 16:35:03.098] [jointLog] [info] done
[2023-01-20 16:35:03.203] [jointLog] [info] Index contained 117,201 targets
[2023-01-20 16:35:05.450] [jointLog] [info] Number of decoys : 66
[2023-01-20 16:35:05.450] [jointLog] [info] First decoy index : 117,096 
[2023-01-20 16:35:06.544] [jointLog] [info] Automatically detected most likely library type as IU

[2023-01-20 16:38:32.456] [fileLog] [info] 
At end of round 0
==================
Observed 22797760 total fragments (22797760 in most recent round)

[2023-01-20 16:38:32.455] [jointLog] [info] Computed 262,931 rich equivalence classes for further processing
[2023-01-20 16:38:32.455] [jointLog] [info] Counted 21,110,316 total reads in the equivalence classes 
[2023-01-20 16:38:32.467] [jointLog] [info] Number of mappings discarded because of alignment score : 6,379,527
[2023-01-20 16:38:32.467] [jointLog] [info] Number of fragments entirely discarded because of alignment score : 725,694
[2023-01-20 16:38:32.467] [jointLog] [info] Number of fragments discarded because they are best-mapped to decoys : 368,854
[2023-01-20 16:38:32.467] [jointLog] [info] Number of fragments discarded because they have only dovetail (discordant) mappings to valid targets : 307,718
[2023-01-20 16:38:32.467] [jointLog] [info] Mapping rate = 92.5982%

[2023-01-20 16:38:32.467] [jointLog] [info] finished quantifyLibrary()
[2023-01-20 16:38:32.478] [jointLog] [info] Starting optimizer
[2023-01-20 16:38:32.598] [jointLog] [info] Marked 0 weighted equivalence classes as degenerate
[2023-01-20 16:38:32.624] [jointLog] [info] iteration = 0 | max rel diff. = 10102.1
[2023-01-20 16:38:32.873] [jointLog] [info] iteration 11, adjusting effective lengths to account for biases
[2023-01-20 16:39:37.968] [jointLog] [info] Computed expected counts (for bias correction)
[2023-01-20 16:39:37.969] [jointLog] [info] processed bias for 0.0% of the transcripts
[2023-01-20 16:39:41.416] [jointLog] [info] processed bias for 10.0% of the transcripts
[2023-01-20 16:39:43.512] [jointLog] [info] processed bias for 20.0% of the transcripts
[2023-01-20 16:39:48.514] [jointLog] [info] processed bias for 30.0% of the transcripts
[2023-01-20 16:39:54.438] [jointLog] [info] processed bias for 40.0% of the transcripts
[2023-01-20 16:40:00.182] [jointLog] [info] processed bias for 50.0% of the transcripts
[2023-01-20 16:40:05.879] [jointLog] [info] processed bias for 60.0% of the transcripts
[2023-01-20 16:40:11.688] [jointLog] [info] processed bias for 70.0% of the transcripts
[2023-01-20 16:40:17.472] [jointLog] [info] processed bias for 80.0% of the transcripts
[2023-01-20 16:40:23.369] [jointLog] [info] processed bias for 90.0% of the transcripts
[2023-01-20 16:40:29.394] [jointLog] [info] processed bias for 100.0% of the transcripts
[2023-01-20 16:40:29.396] [jointLog] [info] processed bias for 100.0% of the transcripts
[2023-01-20 16:40:31.608] [jointLog] [info] iteration = 100 | max rel diff. = 16.4077
[2023-01-20 16:40:34.050] [jointLog] [info] iteration = 200 | max rel diff. = 9.05353
[2023-01-20 16:40:36.501] [jointLog] [info] iteration = 300 | max rel diff. = 2.83322
[2023-01-20 16:40:38.930] [jointLog] [info] iteration = 400 | max rel diff. = 0.893455
[2023-01-20 16:40:41.450] [jointLog] [info] iteration = 500 | max rel diff. = 12.5079
[2023-01-20 16:40:43.871] [jointLog] [info] iteration = 600 | max rel diff. = 9.35055
[2023-01-20 16:40:46.292] [jointLog] [info] iteration = 700 | max rel diff. = 0.167555
[2023-01-20 16:40:48.692] [jointLog] [info] iteration = 800 | max rel diff. = 0.0730691
[2023-01-20 16:40:51.099] [jointLog] [info] iteration = 900 | max rel diff. = 0.713224
[2023-01-20 16:40:53.528] [jointLog] [info] iteration = 1,000 | max rel diff. = 0.170406
[2023-01-20 16:40:55.938] [jointLog] [info] iteration = 1,100 | max rel diff. = 0.0594719
[2023-01-20 16:40:58.359] [jointLog] [info] iteration = 1,200 | max rel diff. = 0.0175095
[2023-01-20 16:41:00.752] [jointLog] [info] iteration = 1,300 | max rel diff. = 0.0173969
[2023-01-20 16:41:03.148] [jointLog] [info] iteration = 1,400 | max rel diff. = 0.127598
[2023-01-20 16:41:05.582] [jointLog] [info] iteration = 1,500 | max rel diff. = 1.03339
[2023-01-20 16:41:05.630] [jointLog] [info] iteration = 1,503 | max rel diff. = 0.00916059
[2023-01-20 16:41:05.658] [jointLog] [info] Finished optimizer
[2023-01-20 16:41:05.658] [jointLog] [info] writing output 

