[2023-01-20 16:26:57.785] [jointLog] [info] setting maxHashResizeThreads to 8
[2023-01-20 16:26:57.785] [jointLog] [info] Fragment incompatibility prior below threshold.  Incompatible fragments will be ignored.
[2023-01-20 16:26:57.785] [jointLog] [info] Usage of --validateMappings implies use of minScoreFraction. Since not explicitly specified, it is being set to 0.65
[2023-01-20 16:26:57.785] [jointLog] [info] Setting consensusSlack to selective-alignment default of 0.35.
[2023-01-20 16:26:57.785] [jointLog] [info] parsing read library format
[2023-01-20 16:26:57.785] [jointLog] [info] There is 1 library.
[2023-01-20 16:26:57.788] [jointLog] [info] Loading pufferfish index
[2023-01-20 16:26:57.789] [jointLog] [info] Loading dense pufferfish index.
[2023-01-20 16:27:49.866] [jointLog] [info] done
[2023-01-20 16:27:49.971] [jointLog] [info] Index contained 117,201 targets
[2023-01-20 16:27:52.237] [jointLog] [info] Number of decoys : 66
[2023-01-20 16:27:52.237] [jointLog] [info] First decoy index : 117,096 
[2023-01-20 16:27:53.416] [jointLog] [info] Automatically detected most likely library type as IU

[2023-01-20 16:31:41.011] [fileLog] [info] 
At end of round 0
==================
Observed 25295552 total fragments (25295552 in most recent round)

[2023-01-20 16:31:41.010] [jointLog] [info] Computed 262,688 rich equivalence classes for further processing
[2023-01-20 16:31:41.010] [jointLog] [info] Counted 22,331,993 total reads in the equivalence classes 
[2023-01-20 16:31:41.022] [jointLog] [info] Number of mappings discarded because of alignment score : 7,017,821
[2023-01-20 16:31:41.022] [jointLog] [info] Number of fragments entirely discarded because of alignment score : 853,622
[2023-01-20 16:31:41.022] [jointLog] [info] Number of fragments discarded because they are best-mapped to decoys : 398,648
[2023-01-20 16:31:41.022] [jointLog] [info] Number of fragments discarded because they have only dovetail (discordant) mappings to valid targets : 387,764
[2023-01-20 16:31:41.022] [jointLog] [info] Mapping rate = 88.2843%

[2023-01-20 16:31:41.022] [jointLog] [info] finished quantifyLibrary()
[2023-01-20 16:31:41.026] [jointLog] [info] Starting optimizer
[2023-01-20 16:31:41.152] [jointLog] [info] Marked 0 weighted equivalence classes as degenerate
[2023-01-20 16:31:41.180] [jointLog] [info] iteration = 0 | max rel diff. = 10234.1
[2023-01-20 16:31:41.448] [jointLog] [info] iteration 11, adjusting effective lengths to account for biases
[2023-01-20 16:32:45.884] [jointLog] [info] Computed expected counts (for bias correction)
[2023-01-20 16:32:45.885] [jointLog] [info] processed bias for 0.0% of the transcripts
[2023-01-20 16:32:49.405] [jointLog] [info] processed bias for 10.0% of the transcripts
[2023-01-20 16:32:51.633] [jointLog] [info] processed bias for 20.0% of the transcripts
[2023-01-20 16:32:56.330] [jointLog] [info] processed bias for 30.0% of the transcripts
[2023-01-20 16:33:02.093] [jointLog] [info] processed bias for 40.0% of the transcripts
[2023-01-20 16:33:07.715] [jointLog] [info] processed bias for 50.0% of the transcripts
[2023-01-20 16:33:13.356] [jointLog] [info] processed bias for 60.0% of the transcripts
[2023-01-20 16:33:18.955] [jointLog] [info] processed bias for 70.0% of the transcripts
[2023-01-20 16:33:24.451] [jointLog] [info] processed bias for 80.0% of the transcripts
[2023-01-20 16:33:30.277] [jointLog] [info] processed bias for 90.0% of the transcripts
[2023-01-20 16:33:35.957] [jointLog] [info] processed bias for 100.0% of the transcripts
[2023-01-20 16:33:35.960] [jointLog] [info] processed bias for 100.0% of the transcripts
[2023-01-20 16:33:38.142] [jointLog] [info] iteration = 100 | max rel diff. = 16.7562
[2023-01-20 16:33:40.543] [jointLog] [info] iteration = 200 | max rel diff. = 3.19016
[2023-01-20 16:33:42.948] [jointLog] [info] iteration = 300 | max rel diff. = 20.4926
[2023-01-20 16:33:45.329] [jointLog] [info] iteration = 400 | max rel diff. = 1.71442
[2023-01-20 16:33:47.721] [jointLog] [info] iteration = 500 | max rel diff. = 0.15525
[2023-01-20 16:33:50.126] [jointLog] [info] iteration = 600 | max rel diff. = 0.641677
[2023-01-20 16:33:52.494] [jointLog] [info] iteration = 700 | max rel diff. = 0.0465645
[2023-01-20 16:33:54.853] [jointLog] [info] iteration = 800 | max rel diff. = 0.131106
[2023-01-20 16:33:57.247] [jointLog] [info] iteration = 900 | max rel diff. = 0.102303
[2023-01-20 16:33:59.607] [jointLog] [info] iteration = 1,000 | max rel diff. = 0.0885648
[2023-01-20 16:34:01.986] [jointLog] [info] iteration = 1,100 | max rel diff. = 0.0346651
[2023-01-20 16:34:04.341] [jointLog] [info] iteration = 1,200 | max rel diff. = 0.226814
[2023-01-20 16:34:06.514] [jointLog] [info] iteration = 1,293 | max rel diff. = 0.00581923
[2023-01-20 16:34:06.545] [jointLog] [info] Finished optimizer
[2023-01-20 16:34:06.545] [jointLog] [info] writing output 

