[2023-01-20 18:36:06.135] [jointLog] [info] setting maxHashResizeThreads to 8
[2023-01-20 18:36:06.135] [jointLog] [info] Fragment incompatibility prior below threshold.  Incompatible fragments will be ignored.
[2023-01-20 18:36:06.135] [jointLog] [info] Usage of --validateMappings implies use of minScoreFraction. Since not explicitly specified, it is being set to 0.65
[2023-01-20 18:36:06.135] [jointLog] [info] Setting consensusSlack to selective-alignment default of 0.35.
[2023-01-20 18:36:06.135] [jointLog] [info] parsing read library format
[2023-01-20 18:36:06.135] [jointLog] [info] There is 1 library.
[2023-01-20 18:36:06.138] [jointLog] [info] Loading pufferfish index
[2023-01-20 18:36:06.138] [jointLog] [info] Loading dense pufferfish index.
[2023-01-20 18:36:59.216] [jointLog] [info] done
[2023-01-20 18:36:59.373] [jointLog] [info] Index contained 117,201 targets
[2023-01-20 18:37:02.003] [jointLog] [info] Number of decoys : 66
[2023-01-20 18:37:02.003] [jointLog] [info] First decoy index : 117,096 
[2023-01-20 18:37:02.989] [jointLog] [info] Automatically detected most likely library type as IU

[2023-01-20 18:40:01.816] [fileLog] [info] 
At end of round 0
==================
Observed 20143765 total fragments (20143765 in most recent round)

[2023-01-20 18:40:01.814] [jointLog] [info] Computed 247,129 rich equivalence classes for further processing
[2023-01-20 18:40:01.814] [jointLog] [info] Counted 18,603,346 total reads in the equivalence classes 
[2023-01-20 18:40:01.831] [jointLog] [info] Number of mappings discarded because of alignment score : 5,888,691
[2023-01-20 18:40:01.831] [jointLog] [info] Number of fragments entirely discarded because of alignment score : 662,863
[2023-01-20 18:40:01.831] [jointLog] [info] Number of fragments discarded because they are best-mapped to decoys : 300,250
[2023-01-20 18:40:01.831] [jointLog] [info] Number of fragments discarded because they have only dovetail (discordant) mappings to valid targets : 398,903
[2023-01-20 18:40:01.831] [jointLog] [info] Mapping rate = 92.3529%

[2023-01-20 18:40:01.831] [jointLog] [info] finished quantifyLibrary()
[2023-01-20 18:40:01.834] [jointLog] [info] Starting optimizer
[2023-01-20 18:40:01.984] [jointLog] [info] Marked 0 weighted equivalence classes as degenerate
[2023-01-20 18:40:02.010] [jointLog] [info] iteration = 0 | max rel diff. = 9875.82
[2023-01-20 18:40:02.249] [jointLog] [info] iteration 11, adjusting effective lengths to account for biases
[2023-01-20 18:41:06.431] [jointLog] [info] Computed expected counts (for bias correction)
[2023-01-20 18:41:06.431] [jointLog] [info] processed bias for 0.0% of the transcripts
[2023-01-20 18:41:11.768] [jointLog] [info] processed bias for 10.0% of the transcripts
[2023-01-20 18:41:17.622] [jointLog] [info] processed bias for 20.0% of the transcripts
[2023-01-20 18:41:23.377] [jointLog] [info] processed bias for 30.0% of the transcripts
[2023-01-20 18:41:29.086] [jointLog] [info] processed bias for 40.0% of the transcripts
[2023-01-20 18:41:34.767] [jointLog] [info] processed bias for 50.0% of the transcripts
[2023-01-20 18:41:40.366] [jointLog] [info] processed bias for 60.0% of the transcripts
[2023-01-20 18:41:46.073] [jointLog] [info] processed bias for 70.0% of the transcripts
[2023-01-20 18:41:51.807] [jointLog] [info] processed bias for 80.0% of the transcripts
[2023-01-20 18:41:53.881] [jointLog] [info] processed bias for 90.0% of the transcripts
[2023-01-20 18:41:57.081] [jointLog] [info] processed bias for 100.0% of the transcripts
[2023-01-20 18:41:57.087] [jointLog] [info] processed bias for 100.0% of the transcripts
[2023-01-20 18:41:59.256] [jointLog] [info] iteration = 100 | max rel diff. = 9.47878
[2023-01-20 18:42:01.656] [jointLog] [info] iteration = 200 | max rel diff. = 18.3878
[2023-01-20 18:42:04.048] [jointLog] [info] iteration = 300 | max rel diff. = 6.05
[2023-01-20 18:42:06.386] [jointLog] [info] iteration = 400 | max rel diff. = 0.297899
[2023-01-20 18:42:08.722] [jointLog] [info] iteration = 500 | max rel diff. = 1.23494
[2023-01-20 18:42:11.105] [jointLog] [info] iteration = 600 | max rel diff. = 1.38007
[2023-01-20 18:42:13.456] [jointLog] [info] iteration = 700 | max rel diff. = 0.759413
[2023-01-20 18:42:15.820] [jointLog] [info] iteration = 800 | max rel diff. = 0.0496563
[2023-01-20 18:42:18.098] [jointLog] [info] iteration = 898 | max rel diff. = 0.00971674
[2023-01-20 18:42:18.123] [jointLog] [info] Finished optimizer
[2023-01-20 18:42:18.123] [jointLog] [info] writing output 

