[2022-07-15 18:58:43.027] [jointLog] [info] setting maxHashResizeThreads to 8
[2022-07-15 18:58:43.027] [jointLog] [info] Fragment incompatibility prior below threshold.  Incompatible fragments will be ignored.
[2022-07-15 18:58:43.027] [jointLog] [info] Usage of --validateMappings implies use of minScoreFraction. Since not explicitly specified, it is being set to 0.65
[2022-07-15 18:58:43.027] [jointLog] [info] Setting consensusSlack to selective-alignment default of 0.35.
[2022-07-15 18:58:43.027] [jointLog] [info] parsing read library format
[2022-07-15 18:58:43.027] [jointLog] [info] There is 1 library.
[2022-07-15 18:58:43.029] [jointLog] [info] Loading pufferfish index
[2022-07-15 18:58:43.029] [jointLog] [info] Loading dense pufferfish index.
[2022-07-15 18:58:43.889] [jointLog] [info] done
[2022-07-15 18:58:43.972] [jointLog] [info] Index contained 117,135 targets
[2022-07-15 18:58:45.685] [jointLog] [info] Number of decoys : 0
[2022-07-15 18:58:46.145] [jointLog] [info] Automatically detected most likely library type as IU

[2022-07-15 19:00:13.600] [fileLog] [info] 
At end of round 0
==================
Observed 23844264 total fragments (23844264 in most recent round)

[2022-07-15 19:00:13.599] [jointLog] [info] Computed 309,374 rich equivalence classes for further processing
[2022-07-15 19:00:13.599] [jointLog] [info] Counted 22,186,910 total reads in the equivalence classes 
[2022-07-15 19:00:13.607] [jointLog] [info] Number of mappings discarded because of alignment score : 6,951,659
[2022-07-15 19:00:13.607] [jointLog] [info] Number of fragments entirely discarded because of alignment score : 633,017
[2022-07-15 19:00:13.607] [jointLog] [info] Number of fragments discarded because they are best-mapped to decoys : 0
[2022-07-15 19:00:13.607] [jointLog] [info] Number of fragments discarded because they have only dovetail (discordant) mappings to valid targets : 635,708
[2022-07-15 19:00:13.607] [jointLog] [info] Mapping rate = 93.0493%

[2022-07-15 19:00:13.607] [jointLog] [info] finished quantifyLibrary()
[2022-07-15 19:00:13.624] [jointLog] [info] Starting optimizer
[2022-07-15 19:00:13.710] [jointLog] [info] Marked 0 weighted equivalence classes as degenerate
[2022-07-15 19:00:13.723] [jointLog] [info] iteration = 0 | max rel diff. = 10080.3
[2022-07-15 19:00:13.830] [jointLog] [info] iteration 11, adjusting effective lengths to account for biases
[2022-07-15 19:00:35.584] [jointLog] [info] Computed expected counts (for bias correction)
[2022-07-15 19:00:35.584] [jointLog] [info] processed bias for 0.0% of the transcripts
[2022-07-15 19:00:37.818] [jointLog] [info] processed bias for 10.0% of the transcripts
[2022-07-15 19:00:40.188] [jointLog] [info] processed bias for 20.0% of the transcripts
[2022-07-15 19:00:42.576] [jointLog] [info] processed bias for 30.0% of the transcripts
[2022-07-15 19:00:44.942] [jointLog] [info] processed bias for 40.0% of the transcripts
[2022-07-15 19:00:47.325] [jointLog] [info] processed bias for 50.0% of the transcripts
[2022-07-15 19:00:49.352] [jointLog] [info] processed bias for 60.0% of the transcripts
[2022-07-15 19:00:50.168] [jointLog] [info] processed bias for 70.0% of the transcripts
[2022-07-15 19:00:51.840] [jointLog] [info] processed bias for 80.0% of the transcripts
[2022-07-15 19:00:54.215] [jointLog] [info] processed bias for 90.0% of the transcripts
[2022-07-15 19:00:56.531] [jointLog] [info] processed bias for 100.0% of the transcripts
[2022-07-15 19:00:56.535] [jointLog] [info] processed bias for 100.0% of the transcripts
[2022-07-15 19:00:57.394] [jointLog] [info] iteration = 100 | max rel diff. = 16.6031
[2022-07-15 19:00:58.336] [jointLog] [info] iteration = 200 | max rel diff. = 12.8908
[2022-07-15 19:00:59.275] [jointLog] [info] iteration = 300 | max rel diff. = 0.525708
[2022-07-15 19:01:00.215] [jointLog] [info] iteration = 400 | max rel diff. = 2.27616
[2022-07-15 19:01:01.153] [jointLog] [info] iteration = 500 | max rel diff. = 0.415349
[2022-07-15 19:01:02.099] [jointLog] [info] iteration = 600 | max rel diff. = 0.200062
[2022-07-15 19:01:03.038] [jointLog] [info] iteration = 700 | max rel diff. = 0.20387
[2022-07-15 19:01:03.980] [jointLog] [info] iteration = 800 | max rel diff. = 9.21034
[2022-07-15 19:01:04.922] [jointLog] [info] iteration = 900 | max rel diff. = 2.44357
[2022-07-15 19:01:05.863] [jointLog] [info] iteration = 1,000 | max rel diff. = 0.552391
[2022-07-15 19:01:06.802] [jointLog] [info] iteration = 1,100 | max rel diff. = 0.0600802
[2022-07-15 19:01:07.743] [jointLog] [info] iteration = 1,200 | max rel diff. = 0.0744331
[2022-07-15 19:01:08.683] [jointLog] [info] iteration = 1,300 | max rel diff. = 1.67262
[2022-07-15 19:01:08.701] [jointLog] [info] iteration = 1,303 | max rel diff. = 0.00756049
[2022-07-15 19:01:08.720] [jointLog] [info] Finished optimizer
[2022-07-15 19:01:08.720] [jointLog] [info] writing output 

