[2022-09-28 12:10:21.587] [jointLog] [info] setting maxHashResizeThreads to 8
[2022-09-28 12:10:21.587] [jointLog] [info] Fragment incompatibility prior below threshold.  Incompatible fragments will be ignored.
[2022-09-28 12:10:21.587] [jointLog] [info] Usage of --validateMappings implies use of minScoreFraction. Since not explicitly specified, it is being set to 0.65
[2022-09-28 12:10:21.587] [jointLog] [info] Setting consensusSlack to selective-alignment default of 0.35.
[2022-09-28 12:10:21.587] [jointLog] [info] parsing read library format
[2022-09-28 12:10:21.587] [jointLog] [info] There is 1 library.
[2022-09-28 12:10:21.589] [jointLog] [info] Loading pufferfish index
[2022-09-28 12:10:21.590] [jointLog] [info] Loading dense pufferfish index.
[2022-09-28 12:11:23.758] [jointLog] [info] done
[2022-09-28 12:11:23.884] [jointLog] [info] Index contained 117,201 targets
[2022-09-28 12:11:26.803] [jointLog] [info] Number of decoys : 66
[2022-09-28 12:11:26.803] [jointLog] [info] First decoy index : 117,096 
[2022-09-28 12:11:27.820] [jointLog] [info] Automatically detected most likely library type as IU

[2022-09-28 12:15:32.748] [fileLog] [info] 
At end of round 0
==================
Observed 23947783 total fragments (23947783 in most recent round)

[2022-09-28 12:15:32.724] [jointLog] [info] Computed 262,667 rich equivalence classes for further processing
[2022-09-28 12:15:32.724] [jointLog] [info] Counted 22,071,656 total reads in the equivalence classes 
[2022-09-28 12:15:32.763] [jointLog] [info] Number of mappings discarded because of alignment score : 7,436,641
[2022-09-28 12:15:32.763] [jointLog] [info] Number of fragments entirely discarded because of alignment score : 847,429
[2022-09-28 12:15:32.763] [jointLog] [info] Number of fragments discarded because they are best-mapped to decoys : 356,895
[2022-09-28 12:15:32.763] [jointLog] [info] Number of fragments discarded because they have only dovetail (discordant) mappings to valid targets : 579,763
[2022-09-28 12:15:32.763] [jointLog] [info] Mapping rate = 92.1658%

[2022-09-28 12:15:32.763] [jointLog] [info] finished quantifyLibrary()
[2022-09-28 12:15:32.795] [jointLog] [info] Starting optimizer
[2022-09-28 12:15:32.928] [jointLog] [info] Marked 0 weighted equivalence classes as degenerate
[2022-09-28 12:15:32.958] [jointLog] [info] iteration = 0 | max rel diff. = 10510.2
[2022-09-28 12:15:33.242] [jointLog] [info] iteration 11, adjusting effective lengths to account for biases
[2022-09-28 12:16:48.638] [jointLog] [info] Computed expected counts (for bias correction)
[2022-09-28 12:16:48.638] [jointLog] [info] processed bias for 0.0% of the transcripts
[2022-09-28 12:16:54.746] [jointLog] [info] processed bias for 10.0% of the transcripts
[2022-09-28 12:17:01.382] [jointLog] [info] processed bias for 20.0% of the transcripts
[2022-09-28 12:17:07.847] [jointLog] [info] processed bias for 30.0% of the transcripts
[2022-09-28 12:17:14.198] [jointLog] [info] processed bias for 40.0% of the transcripts
[2022-09-28 12:17:20.802] [jointLog] [info] processed bias for 50.0% of the transcripts
[2022-09-28 12:17:26.090] [jointLog] [info] processed bias for 60.0% of the transcripts
[2022-09-28 12:17:28.260] [jointLog] [info] processed bias for 70.0% of the transcripts
[2022-09-28 12:17:32.966] [jointLog] [info] processed bias for 80.0% of the transcripts
[2022-09-28 12:17:39.539] [jointLog] [info] processed bias for 90.0% of the transcripts
[2022-09-28 12:17:45.793] [jointLog] [info] processed bias for 100.0% of the transcripts
[2022-09-28 12:17:45.848] [jointLog] [info] processed bias for 100.0% of the transcripts
[2022-09-28 12:17:48.353] [jointLog] [info] iteration = 100 | max rel diff. = 14.5582
[2022-09-28 12:17:51.042] [jointLog] [info] iteration = 200 | max rel diff. = 9.77211
[2022-09-28 12:17:53.740] [jointLog] [info] iteration = 300 | max rel diff. = 2.42501
[2022-09-28 12:17:56.439] [jointLog] [info] iteration = 400 | max rel diff. = 0.514301
[2022-09-28 12:17:59.164] [jointLog] [info] iteration = 500 | max rel diff. = 0.202296
[2022-09-28 12:18:01.905] [jointLog] [info] iteration = 600 | max rel diff. = 0.206085
[2022-09-28 12:18:04.678] [jointLog] [info] iteration = 700 | max rel diff. = 0.312621
[2022-09-28 12:18:07.387] [jointLog] [info] iteration = 800 | max rel diff. = 0.365223
[2022-09-28 12:18:10.075] [jointLog] [info] iteration = 900 | max rel diff. = 0.766864
[2022-09-28 12:18:12.794] [jointLog] [info] iteration = 1,000 | max rel diff. = 0.0460399
[2022-09-28 12:18:15.477] [jointLog] [info] iteration = 1,100 | max rel diff. = 0.0458953
[2022-09-28 12:18:18.166] [jointLog] [info] iteration = 1,200 | max rel diff. = 0.467542
[2022-09-28 12:18:20.839] [jointLog] [info] iteration = 1,300 | max rel diff. = 0.0525311
[2022-09-28 12:18:23.521] [jointLog] [info] iteration = 1,400 | max rel diff. = 0.223735
[2022-09-28 12:18:26.217] [jointLog] [info] iteration = 1,500 | max rel diff. = 0.114421
[2022-09-28 12:18:28.925] [jointLog] [info] iteration = 1,600 | max rel diff. = 0.22765
[2022-09-28 12:18:31.612] [jointLog] [info] iteration = 1,700 | max rel diff. = 0.0862563
[2022-09-28 12:18:34.315] [jointLog] [info] iteration = 1,800 | max rel diff. = 0.0270804
[2022-09-28 12:18:37.053] [jointLog] [info] iteration = 1,900 | max rel diff. = 0.346747
[2022-09-28 12:18:39.761] [jointLog] [info] iteration = 2,000 | max rel diff. = 0.118996
[2022-09-28 12:18:42.474] [jointLog] [info] iteration = 2,100 | max rel diff. = 0.0868518
[2022-09-28 12:18:42.828] [jointLog] [info] iteration = 2,114 | max rel diff. = 0.00632422
[2022-09-28 12:18:42.854] [jointLog] [info] Finished optimizer
[2022-09-28 12:18:42.854] [jointLog] [info] writing output 

